{
  "/Users/roschoupkin-d/Work/interviews/codewars/directionReduction/directionReduction.ts": {
    "path": "/Users/roschoupkin-d/Work/interviews/codewars/directionReduction/directionReduction.ts",
    "statementMap": {
      "0": { "start": { "line": 22, "column": 0 }, "end": { "line": 22, "column": null } },
      "1": { "start": { "line": 23, "column": 2 }, "end": { "line": 23, "column": null } },
      "2": { "start": { "line": 24, "column": 2 }, "end": { "line": 24, "column": null } },
      "3": { "start": { "line": 25, "column": 2 }, "end": { "line": 25, "column": null } },
      "4": { "start": { "line": 26, "column": 2 }, "end": { "line": 26, "column": null } },
      "5": { "start": { "line": 29, "column": 49 }, "end": { "line": 34, "column": 2 } },
      "6": { "start": { "line": 37, "column": 19 }, "end": { "line": 37, "column": 32 } },
      "7": { "start": { "line": 38, "column": 26 }, "end": { "line": 38, "column": 68 } },
      "8": { "start": { "line": 38, "column": 63 }, "end": { "line": 38, "column": 68 } },
      "9": { "start": { "line": 39, "column": 16 }, "end": { "line": 39, "column": 79 } },
      "10": { "start": { "line": 40, "column": 2 }, "end": { "line": 42, "column": null } },
      "11": { "start": { "line": 41, "column": 4 }, "end": { "line": 41, "column": 47 } },
      "12": { "start": { "line": 43, "column": 2 }, "end": { "line": 43, "column": 55 } },
      "13": { "start": { "line": 36, "column": 0 }, "end": { "line": 36, "column": 16 } },
      "14": { "start": { "line": 47, "column": 2 }, "end": { "line": 54, "column": 9 } },
      "15": { "start": { "line": 48, "column": 4 }, "end": { "line": 52, "column": null } },
      "16": { "start": { "line": 49, "column": 6 }, "end": { "line": 49, "column": 17 } },
      "17": { "start": { "line": 51, "column": 6 }, "end": { "line": 51, "column": 21 } },
      "18": { "start": { "line": 53, "column": 4 }, "end": { "line": 53, "column": 16 } },
      "19": { "start": { "line": 46, "column": 0 }, "end": { "line": 46, "column": 16 } },
      "20": { "start": { "line": 58, "column": 2 }, "end": { "line": 65, "column": 9 } },
      "21": { "start": { "line": 59, "column": 4 }, "end": { "line": 63, "column": null } },
      "22": { "start": { "line": 60, "column": 6 }, "end": { "line": 60, "column": 17 } },
      "23": { "start": { "line": 62, "column": 6 }, "end": { "line": 62, "column": 21 } },
      "24": { "start": { "line": 64, "column": 4 }, "end": { "line": 64, "column": 16 } },
      "25": { "start": { "line": 57, "column": 0 }, "end": { "line": 57, "column": 16 } }
    },
    "fnMap": {
      "0": {
        "name": "(anonymous_0)",
        "decl": { "start": { "line": 22, "column": 0 }, "end": { "line": 22, "column": 12 } },
        "loc": { "start": { "line": 22, "column": 22 }, "end": { "line": 27, "column": 1 } }
      },
      "1": {
        "name": "dirReduction",
        "decl": { "start": { "line": 36, "column": 16 }, "end": { "line": 36, "column": 28 } },
        "loc": { "start": { "line": 36, "column": 46 }, "end": { "line": 44, "column": 1 } }
      },
      "2": {
        "name": "(anonymous_2)",
        "decl": { "start": { "line": 38, "column": 26 }, "end": { "line": 38, "column": 27 } },
        "loc": { "start": { "line": 38, "column": 63 }, "end": { "line": 38, "column": 68 } }
      },
      "3": {
        "name": "dirReduction2",
        "decl": { "start": { "line": 46, "column": 16 }, "end": { "line": 46, "column": 29 } },
        "loc": { "start": { "line": 46, "column": 47 }, "end": { "line": 55, "column": 1 } }
      },
      "4": {
        "name": "(anonymous_4)",
        "decl": { "start": { "line": 47, "column": 34 }, "end": { "line": 47, "column": 35 } },
        "loc": { "start": { "line": 47, "column": 48 }, "end": { "line": 54, "column": 3 } }
      },
      "5": {
        "name": "dirReduction3",
        "decl": { "start": { "line": 57, "column": 16 }, "end": { "line": 57, "column": 29 } },
        "loc": { "start": { "line": 57, "column": 47 }, "end": { "line": 66, "column": 1 } }
      },
      "6": {
        "name": "(anonymous_6)",
        "decl": { "start": { "line": 58, "column": 34 }, "end": { "line": 58, "column": 35 } },
        "loc": { "start": { "line": 58, "column": 48 }, "end": { "line": 65, "column": 3 } }
      }
    },
    "branchMap": {
      "0": {
        "loc": { "start": { "line": 22, "column": 12 }, "end": { "line": 22, "column": null } },
        "type": "binary-expr",
        "locations": [
          { "start": { "line": 22, "column": 12 }, "end": { "line": 22, "column": 22 } },
          { "start": { "line": 22, "column": 12 }, "end": { "line": 22, "column": null } }
        ]
      },
      "1": {
        "loc": { "start": { "line": 48, "column": 4 }, "end": { "line": 52, "column": null } },
        "type": "if",
        "locations": [
          { "start": { "line": 48, "column": 4 }, "end": { "line": 52, "column": null } },
          { "start": { "line": 50, "column": 11 }, "end": { "line": 52, "column": null } }
        ]
      },
      "2": {
        "loc": { "start": { "line": 59, "column": 4 }, "end": { "line": 63, "column": null } },
        "type": "if",
        "locations": [
          { "start": { "line": 59, "column": 4 }, "end": { "line": 63, "column": null } },
          { "start": { "line": 61, "column": 11 }, "end": { "line": 63, "column": null } }
        ]
      }
    },
    "s": {
      "0": 1,
      "1": 1,
      "2": 1,
      "3": 1,
      "4": 1,
      "5": 1,
      "6": 3,
      "7": 3,
      "8": 10,
      "9": 3,
      "10": 3,
      "11": 3,
      "12": 3,
      "13": 1,
      "14": 3,
      "15": 17,
      "16": 6,
      "17": 11,
      "18": 17,
      "19": 1,
      "20": 3,
      "21": 17,
      "22": 6,
      "23": 11,
      "24": 17,
      "25": 1
    },
    "f": { "0": 1, "1": 3, "2": 10, "3": 3, "4": 17, "5": 3, "6": 17 },
    "b": { "0": [1, 1], "1": [6, 11], "2": [6, 11] }
  },
  "/Users/roschoupkin-d/Work/interviews/codewars/movingZerosToEnd/movingZerosToEnd.ts": {
    "path": "/Users/roschoupkin-d/Work/interviews/codewars/movingZerosToEnd/movingZerosToEnd.ts",
    "statementMap": {
      "0": { "start": { "line": 6, "column": 25 }, "end": { "line": 9, "column": 1 } },
      "1": { "start": { "line": 7, "column": 19 }, "end": { "line": 7, "column": 45 } },
      "2": { "start": { "line": 7, "column": 37 }, "end": { "line": 7, "column": 44 } },
      "3": { "start": { "line": 8, "column": 2 }, "end": { "line": 8, "column": 71 } },
      "4": { "start": { "line": 6, "column": 13 }, "end": { "line": 6, "column": 25 } },
      "5": { "start": { "line": 11, "column": 26 }, "end": { "line": 13, "column": 1 } },
      "6": { "start": { "line": 12, "column": 2 }, "end": { "line": 12, "column": 79 } },
      "7": { "start": { "line": 12, "column": 29 }, "end": { "line": 12, "column": 38 } },
      "8": { "start": { "line": 12, "column": 67 }, "end": { "line": 12, "column": 76 } },
      "9": { "start": { "line": 11, "column": 13 }, "end": { "line": 11, "column": 26 } },
      "10": { "start": { "line": 15, "column": 0 }, "end": { "line": 15, "column": 45 } },
      "11": { "start": { "line": 16, "column": 0 }, "end": { "line": 16, "column": 46 } }
    },
    "fnMap": {
      "0": {
        "name": "(anonymous_0)",
        "decl": { "start": { "line": 6, "column": 25 }, "end": { "line": 6, "column": 26 } },
        "loc": { "start": { "line": 6, "column": 55 }, "end": { "line": 9, "column": 1 } }
      },
      "1": {
        "name": "(anonymous_1)",
        "decl": { "start": { "line": 7, "column": 30 }, "end": { "line": 7, "column": 31 } },
        "loc": { "start": { "line": 7, "column": 37 }, "end": { "line": 7, "column": 44 } }
      },
      "2": {
        "name": "(anonymous_2)",
        "decl": { "start": { "line": 11, "column": 26 }, "end": { "line": 11, "column": 27 } },
        "loc": { "start": { "line": 11, "column": 56 }, "end": { "line": 13, "column": 1 } }
      },
      "3": {
        "name": "(anonymous_3)",
        "decl": { "start": { "line": 12, "column": 20 }, "end": { "line": 12, "column": 21 } },
        "loc": { "start": { "line": 12, "column": 29 }, "end": { "line": 12, "column": 38 } }
      },
      "4": {
        "name": "(anonymous_4)",
        "decl": { "start": { "line": 12, "column": 58 }, "end": { "line": 12, "column": 59 } },
        "loc": { "start": { "line": 12, "column": 67 }, "end": { "line": 12, "column": 76 } }
      }
    },
    "branchMap": {},
    "s": { "0": 1, "1": 3, "2": 27, "3": 3, "4": 1, "5": 1, "6": 3, "7": 27, "8": 27, "9": 1, "10": 1, "11": 1 },
    "f": { "0": 3, "1": 27, "2": 3, "3": 27, "4": 27 },
    "b": {}
  },
  "/Users/roschoupkin-d/Work/interviews/codewars/recoverSecret/recoverSecret.ts": {
    "path": "/Users/roschoupkin-d/Work/interviews/codewars/recoverSecret/recoverSecret.ts",
    "statementMap": {
      "0": { "start": { "line": 8, "column": 29 }, "end": { "line": 21, "column": 1 } },
      "1": { "start": { "line": 9, "column": 17 }, "end": { "line": 9, "column": 19 } },
      "2": { "start": { "line": 10, "column": 2 }, "end": { "line": 19, "column": null } },
      "3": { "start": { "line": 10, "column": 32 }, "end": { "line": 10, "column": 40 } },
      "4": { "start": { "line": 11, "column": 4 }, "end": { "line": 18, "column": null } },
      "5": { "start": { "line": 12, "column": 6 }, "end": { "line": 17, "column": null } },
      "6": { "start": { "line": 12, "column": 38 }, "end": { "line": 12, "column": 66 } },
      "7": { "start": { "line": 13, "column": 8 }, "end": { "line": 13, "column": 28 } },
      "8": { "start": { "line": 14, "column": 8 }, "end": { "line": 16, "column": null } },
      "9": { "start": { "line": 14, "column": 53 }, "end": { "line": 14, "column": 68 } },
      "10": { "start": { "line": 15, "column": 10 }, "end": { "line": 15, "column": 26 } },
      "11": { "start": { "line": 20, "column": 2 }, "end": { "line": 20, "column": 25 } },
      "12": { "start": { "line": 8, "column": 13 }, "end": { "line": 8, "column": 29 } }
    },
    "fnMap": {
      "0": {
        "name": "(anonymous_0)",
        "decl": { "start": { "line": 8, "column": 29 }, "end": { "line": 8, "column": 30 } },
        "loc": { "start": { "line": 8, "column": 62 }, "end": { "line": 21, "column": 1 } }
      },
      "1": {
        "name": "(anonymous_1)",
        "decl": { "start": { "line": 10, "column": 25 }, "end": { "line": 10, "column": 26 } },
        "loc": { "start": { "line": 10, "column": 32 }, "end": { "line": 10, "column": 40 } }
      },
      "2": {
        "name": "(anonymous_2)",
        "decl": { "start": { "line": 12, "column": 25 }, "end": { "line": 12, "column": 26 } },
        "loc": { "start": { "line": 12, "column": 38 }, "end": { "line": 12, "column": 66 } }
      },
      "3": {
        "name": "(anonymous_3)",
        "decl": { "start": { "line": 14, "column": 46 }, "end": { "line": 14, "column": 47 } },
        "loc": { "start": { "line": 14, "column": 53 }, "end": { "line": 14, "column": 68 } }
      }
    },
    "branchMap": {
      "0": {
        "loc": { "start": { "line": 12, "column": 6 }, "end": { "line": 17, "column": null } },
        "type": "if",
        "locations": [{ "start": { "line": 12, "column": 6 }, "end": { "line": 17, "column": null } }]
      }
    },
    "s": { "0": 1, "1": 1, "2": 1, "3": 35, "4": 4, "5": 28, "6": 157, "7": 16, "8": 16, "9": 112, "10": 62, "11": 1, "12": 1 },
    "f": { "0": 1, "1": 35, "2": 157, "3": 112 },
    "b": { "0": [16] }
  },
  "/Users/roschoupkin-d/Work/interviews/puzzles/atm/atm.ts": {
    "path": "/Users/roschoupkin-d/Work/interviews/puzzles/atm/atm.ts",
    "statementMap": {
      "0": { "start": { "line": 19, "column": 2 }, "end": { "line": 21, "column": null } },
      "1": { "start": { "line": 20, "column": 4 }, "end": { "line": 20, "column": 46 } },
      "2": { "start": { "line": 23, "column": 21 }, "end": { "line": 23, "column": 23 } },
      "3": { "start": { "line": 25, "column": 2 }, "end": { "line": 36, "column": null } },
      "4": { "start": { "line": 26, "column": 20 }, "end": { "line": 26, "column": 75 } },
      "5": { "start": { "line": 28, "column": 4 }, "end": { "line": 31, "column": null } },
      "6": { "start": { "line": 29, "column": 6 }, "end": { "line": 29, "column": 30 } },
      "7": { "start": { "line": 30, "column": 6 }, "end": { "line": 30, "column": 34 } },
      "8": { "start": { "line": 33, "column": 4 }, "end": { "line": 35, "column": null } },
      "9": { "start": { "line": 34, "column": 6 }, "end": { "line": 34, "column": 12 } },
      "10": { "start": { "line": 38, "column": 2 }, "end": { "line": 40, "column": null } },
      "11": { "start": { "line": 39, "column": 4 }, "end": { "line": 39, "column": 47 } },
      "12": { "start": { "line": 42, "column": 2 }, "end": { "line": 44, "column": null } },
      "13": { "start": { "line": 43, "column": 4 }, "end": { "line": 43, "column": 42 } },
      "14": { "start": { "line": 46, "column": 2 }, "end": { "line": 46, "column": 14 } },
      "15": { "start": { "line": 18, "column": 0 }, "end": { "line": 18, "column": 16 } }
    },
    "fnMap": {
      "0": {
        "name": "atm",
        "decl": { "start": { "line": 18, "column": 16 }, "end": { "line": 18, "column": 19 } },
        "loc": { "start": { "line": 18, "column": 71 }, "end": { "line": 47, "column": 1 } }
      }
    },
    "branchMap": {
      "0": {
        "loc": { "start": { "line": 19, "column": 2 }, "end": { "line": 21, "column": null } },
        "type": "if",
        "locations": [{ "start": { "line": 19, "column": 2 }, "end": { "line": 21, "column": null } }]
      },
      "1": {
        "loc": { "start": { "line": 28, "column": 4 }, "end": { "line": 31, "column": null } },
        "type": "if",
        "locations": [{ "start": { "line": 28, "column": 4 }, "end": { "line": 31, "column": null } }]
      },
      "2": {
        "loc": { "start": { "line": 33, "column": 4 }, "end": { "line": 35, "column": null } },
        "type": "if",
        "locations": [{ "start": { "line": 33, "column": 4 }, "end": { "line": 35, "column": null } }]
      },
      "3": {
        "loc": { "start": { "line": 38, "column": 2 }, "end": { "line": 40, "column": null } },
        "type": "if",
        "locations": [{ "start": { "line": 38, "column": 2 }, "end": { "line": 40, "column": null } }]
      },
      "4": {
        "loc": { "start": { "line": 43, "column": 23 }, "end": { "line": 43, "column": 41 } },
        "type": "cond-expr",
        "locations": [
          { "start": { "line": 43, "column": 36 }, "end": { "line": 43, "column": 40 } },
          { "start": { "line": 43, "column": 40 }, "end": { "line": 43, "column": 41 } }
        ]
      },
      "5": {
        "loc": { "start": { "line": 43, "column": 23 }, "end": { "line": 43, "column": 40 } },
        "type": "binary-expr",
        "locations": [
          { "start": { "line": 43, "column": 23 }, "end": { "line": 43, "column": 40 } },
          { "start": { "line": 43, "column": 36 }, "end": { "line": 43, "column": 40 } }
        ]
      }
    },
    "s": {
      "0": 7,
      "1": 1,
      "2": 6,
      "3": 6,
      "4": 28,
      "5": 28,
      "6": 13,
      "7": 13,
      "8": 28,
      "9": 4,
      "10": 6,
      "11": 2,
      "12": 4,
      "13": 20,
      "14": 4,
      "15": 1
    },
    "f": { "0": 7 },
    "b": { "0": [1], "1": [13], "2": [4], "3": [2], "4": [9, 11], "5": [20, 20] }
  },
  "/Users/roschoupkin-d/Work/interviews/puzzles/bind/bind.ts": {
    "path": "/Users/roschoupkin-d/Work/interviews/puzzles/bind/bind.ts",
    "statementMap": {
      "0": { "start": { "line": 9, "column": 2 }, "end": { "line": 9, "column": 72 } },
      "1": { "start": { "line": 9, "column": 46 }, "end": { "line": 9, "column": 71 } },
      "2": { "start": { "line": 5, "column": 0 }, "end": { "line": 5, "column": 16 } },
      "3": { "start": { "line": 16, "column": 13 }, "end": { "line": 16, "column": 27 } },
      "4": { "start": { "line": 17, "column": 2 }, "end": { "line": 17, "column": 72 } },
      "5": { "start": { "line": 12, "column": 0 }, "end": { "line": 12, "column": 16 } }
    },
    "fnMap": {
      "0": {
        "name": "bindApply",
        "decl": { "start": { "line": 5, "column": 16 }, "end": { "line": 5, "column": 25 } },
        "loc": { "start": { "line": 7, "column": 19 }, "end": { "line": 10, "column": 1 } }
      },
      "1": {
        "name": "(anonymous_1)",
        "decl": { "start": { "line": 9, "column": 9 }, "end": { "line": 9, "column": 10 } },
        "loc": { "start": { "line": 9, "column": 46 }, "end": { "line": 9, "column": 71 } }
      },
      "2": {
        "name": "bindSymbol",
        "decl": { "start": { "line": 12, "column": 16 }, "end": { "line": 12, "column": 26 } },
        "loc": { "start": { "line": 14, "column": 19 }, "end": { "line": 18, "column": 1 } }
      }
    },
    "branchMap": {},
    "s": { "0": 1, "1": 1, "2": 1, "3": 0, "4": 0, "5": 1 },
    "f": { "0": 1, "1": 1, "2": 0 },
    "b": {}
  },
  "/Users/roschoupkin-d/Work/interviews/puzzles/centuryFromYear/centuryFromYear.ts": {
    "path": "/Users/roschoupkin-d/Work/interviews/puzzles/centuryFromYear/centuryFromYear.ts",
    "statementMap": {
      "0": { "start": { "line": 8, "column": 2 }, "end": { "line": 8, "column": 31 } },
      "1": { "start": { "line": 7, "column": 0 }, "end": { "line": 7, "column": 16 } }
    },
    "fnMap": {
      "0": {
        "name": "centuryFromYear",
        "decl": { "start": { "line": 7, "column": 16 }, "end": { "line": 7, "column": 31 } },
        "loc": { "start": { "line": 7, "column": 44 }, "end": { "line": 9, "column": 1 } }
      }
    },
    "branchMap": {},
    "s": { "0": 4, "1": 1 },
    "f": { "0": 4 },
    "b": {}
  },
  "/Users/roschoupkin-d/Work/interviews/puzzles/compressList/compressList.ts": {
    "path": "/Users/roschoupkin-d/Work/interviews/puzzles/compressList/compressList.ts",
    "statementMap": {
      "0": { "start": { "line": 7, "column": 2 }, "end": { "line": 9, "column": null } },
      "1": { "start": { "line": 8, "column": 4 }, "end": { "line": 8, "column": 14 } },
      "2": { "start": { "line": 11, "column": 17 }, "end": { "line": 11, "column": 43 } },
      "3": { "start": { "line": 11, "column": 37 }, "end": { "line": 11, "column": 42 } },
      "4": { "start": { "line": 13, "column": 20 }, "end": { "line": 13, "column": 25 } },
      "5": { "start": { "line": 14, "column": 31 }, "end": { "line": 14, "column": 53 } },
      "6": { "start": { "line": 16, "column": 2 }, "end": { "line": 33, "column": null } },
      "7": { "start": { "line": 16, "column": 15 }, "end": { "line": 16, "column": 16 } },
      "8": { "start": { "line": 17, "column": 20 }, "end": { "line": 17, "column": 29 } },
      "9": { "start": { "line": 18, "column": 17 }, "end": { "line": 18, "column": 30 } },
      "10": { "start": { "line": 20, "column": 4 }, "end": { "line": 23, "column": null } },
      "11": { "start": { "line": 21, "column": 6 }, "end": { "line": 21, "column": 25 } },
      "12": { "start": { "line": 22, "column": 6 }, "end": { "line": 22, "column": 15 } },
      "13": { "start": { "line": 25, "column": 4 }, "end": { "line": 28, "column": null } },
      "14": { "start": { "line": 26, "column": 6 }, "end": { "line": 26, "column": 54 } },
      "15": { "start": { "line": 27, "column": 6 }, "end": { "line": 27, "column": 26 } },
      "16": { "start": { "line": 30, "column": 4 }, "end": { "line": 32, "column": null } },
      "17": { "start": { "line": 31, "column": 6 }, "end": { "line": 31, "column": 42 } },
      "18": { "start": { "line": 35, "column": 2 }, "end": { "line": 35, "column": 30 } },
      "19": { "start": { "line": 6, "column": 0 }, "end": { "line": 6, "column": 16 } },
      "20": { "start": { "line": 39, "column": 31 }, "end": { "line": 39, "column": 33 } },
      "21": { "start": { "line": 41, "column": 17 }, "end": { "line": 41, "column": 43 } },
      "22": { "start": { "line": 41, "column": 37 }, "end": { "line": 41, "column": 42 } },
      "23": { "start": { "line": 43, "column": 2 }, "end": { "line": 55, "column": null } },
      "24": { "start": { "line": 43, "column": 15 }, "end": { "line": 43, "column": 16 } },
      "25": { "start": { "line": 44, "column": 18 }, "end": { "line": 44, "column": 27 } },
      "26": { "start": { "line": 46, "column": 4 }, "end": { "line": 48, "column": null } },
      "27": { "start": { "line": 47, "column": 6 }, "end": { "line": 47, "column": 10 } },
      "28": { "start": { "line": 50, "column": 4 }, "end": { "line": 54, "column": null } },
      "29": { "start": { "line": 51, "column": 6 }, "end": { "line": 51, "column": 40 } },
      "30": { "start": { "line": 53, "column": 6 }, "end": { "line": 53, "column": 47 } },
      "31": { "start": { "line": 57, "column": 2 }, "end": { "line": 57, "column": 30 } },
      "32": { "start": { "line": 38, "column": 0 }, "end": { "line": 38, "column": 16 } }
    },
    "fnMap": {
      "0": {
        "name": "compressList",
        "decl": { "start": { "line": 6, "column": 16 }, "end": { "line": 6, "column": 28 } },
        "loc": { "start": { "line": 6, "column": 43 }, "end": { "line": 36, "column": 1 } }
      },
      "1": {
        "name": "(anonymous_1)",
        "decl": { "start": { "line": 11, "column": 27 }, "end": { "line": 11, "column": 28 } },
        "loc": { "start": { "line": 11, "column": 37 }, "end": { "line": 11, "column": 42 } }
      },
      "2": {
        "name": "compressList2",
        "decl": { "start": { "line": 38, "column": 16 }, "end": { "line": 38, "column": 29 } },
        "loc": { "start": { "line": 38, "column": 44 }, "end": { "line": 58, "column": 1 } }
      },
      "3": {
        "name": "(anonymous_3)",
        "decl": { "start": { "line": 41, "column": 27 }, "end": { "line": 41, "column": 28 } },
        "loc": { "start": { "line": 41, "column": 37 }, "end": { "line": 41, "column": 42 } }
      }
    },
    "branchMap": {
      "0": {
        "loc": { "start": { "line": 7, "column": 2 }, "end": { "line": 9, "column": null } },
        "type": "if",
        "locations": [{ "start": { "line": 7, "column": 2 }, "end": { "line": 9, "column": null } }]
      },
      "1": {
        "loc": { "start": { "line": 20, "column": 4 }, "end": { "line": 23, "column": null } },
        "type": "if",
        "locations": [{ "start": { "line": 20, "column": 4 }, "end": { "line": 23, "column": null } }]
      },
      "2": {
        "loc": { "start": { "line": 20, "column": 8 }, "end": { "line": 20, "column": 47 } },
        "type": "binary-expr",
        "locations": [
          { "start": { "line": 20, "column": 8 }, "end": { "line": 20, "column": 23 } },
          { "start": { "line": 20, "column": 27 }, "end": { "line": 20, "column": 47 } }
        ]
      },
      "3": {
        "loc": { "start": { "line": 25, "column": 4 }, "end": { "line": 28, "column": null } },
        "type": "if",
        "locations": [{ "start": { "line": 25, "column": 4 }, "end": { "line": 28, "column": null } }]
      },
      "4": {
        "loc": { "start": { "line": 30, "column": 4 }, "end": { "line": 32, "column": null } },
        "type": "if",
        "locations": [{ "start": { "line": 30, "column": 4 }, "end": { "line": 32, "column": null } }]
      },
      "5": {
        "loc": { "start": { "line": 46, "column": 11 }, "end": { "line": 46, "column": 67 } },
        "type": "binary-expr",
        "locations": [
          { "start": { "line": 46, "column": 11 }, "end": { "line": 46, "column": 32 } },
          { "start": { "line": 46, "column": 36 }, "end": { "line": 46, "column": 67 } }
        ]
      },
      "6": {
        "loc": { "start": { "line": 50, "column": 4 }, "end": { "line": 54, "column": null } },
        "type": "if",
        "locations": [
          { "start": { "line": 50, "column": 4 }, "end": { "line": 54, "column": null } },
          { "start": { "line": 52, "column": 11 }, "end": { "line": 54, "column": null } }
        ]
      }
    },
    "s": {
      "0": 6,
      "1": 1,
      "2": 5,
      "3": 27,
      "4": 5,
      "5": 5,
      "6": 5,
      "7": 5,
      "8": 18,
      "9": 18,
      "10": 18,
      "11": 10,
      "12": 10,
      "13": 8,
      "14": 4,
      "15": 4,
      "16": 8,
      "17": 3,
      "18": 5,
      "19": 1,
      "20": 6,
      "21": 6,
      "22": 27,
      "23": 6,
      "24": 6,
      "25": 8,
      "26": 8,
      "27": 10,
      "28": 8,
      "29": 4,
      "30": 4,
      "31": 6,
      "32": 1
    },
    "f": { "0": 6, "1": 27, "2": 6, "3": 27 },
    "b": { "0": [1], "1": [10], "2": [18, 13], "3": [4], "4": [3], "5": [18, 13], "6": [4, 4] }
  },
  "/Users/roschoupkin-d/Work/interviews/puzzles/correctBracket/correctBracket.ts": {
    "path": "/Users/roschoupkin-d/Work/interviews/puzzles/correctBracket/correctBracket.ts",
    "statementMap": {
      "0": { "start": { "line": 9, "column": 41 }, "end": { "line": 13, "column": 2 } },
      "1": { "start": { "line": 16, "column": 2 }, "end": { "line": 16, "column": 33 } },
      "2": { "start": { "line": 20, "column": 2 }, "end": { "line": 20, "column": 52 } },
      "3": { "start": { "line": 24, "column": 16 }, "end": { "line": 24, "column": 18 } },
      "4": { "start": { "line": 25, "column": 2 }, "end": { "line": 33, "column": null } },
      "5": { "start": { "line": 26, "column": 4 }, "end": { "line": 32, "column": null } },
      "6": { "start": { "line": 27, "column": 6 }, "end": { "line": 29, "column": null } },
      "7": { "start": { "line": 28, "column": 8 }, "end": { "line": 28, "column": 21 } },
      "8": { "start": { "line": 30, "column": 11 }, "end": { "line": 32, "column": null } },
      "9": { "start": { "line": 31, "column": 6 }, "end": { "line": 31, "column": 23 } },
      "10": { "start": { "line": 34, "column": 2 }, "end": { "line": 34, "column": 28 } },
      "11": { "start": { "line": 23, "column": 0 }, "end": { "line": 23, "column": 16 } }
    },
    "fnMap": {
      "0": {
        "name": "isClosedBracket",
        "decl": { "start": { "line": 15, "column": 9 }, "end": { "line": 15, "column": 24 } },
        "loc": { "start": { "line": 15, "column": 37 }, "end": { "line": 17, "column": 1 } }
      },
      "1": {
        "name": "isOpenedBracket",
        "decl": { "start": { "line": 19, "column": 9 }, "end": { "line": 19, "column": 24 } },
        "loc": { "start": { "line": 19, "column": 37 }, "end": { "line": 21, "column": 1 } }
      },
      "2": {
        "name": "isValid",
        "decl": { "start": { "line": 23, "column": 16 }, "end": { "line": 23, "column": 23 } },
        "loc": { "start": { "line": 23, "column": 35 }, "end": { "line": 35, "column": 1 } }
      }
    },
    "branchMap": {
      "0": {
        "loc": { "start": { "line": 26, "column": 4 }, "end": { "line": 32, "column": null } },
        "type": "if",
        "locations": [
          { "start": { "line": 26, "column": 4 }, "end": { "line": 32, "column": null } },
          { "start": { "line": 30, "column": 11 }, "end": { "line": 32, "column": null } }
        ]
      },
      "1": {
        "loc": { "start": { "line": 27, "column": 6 }, "end": { "line": 29, "column": null } },
        "type": "if",
        "locations": [{ "start": { "line": 27, "column": 6 }, "end": { "line": 29, "column": null } }]
      },
      "2": {
        "loc": { "start": { "line": 30, "column": 11 }, "end": { "line": 32, "column": null } },
        "type": "if",
        "locations": [{ "start": { "line": 30, "column": 11 }, "end": { "line": 32, "column": null } }]
      }
    },
    "s": { "0": 1, "1": 54, "2": 34, "3": 9, "4": 9, "5": 54, "6": 20, "7": 3, "8": 34, "9": 23, "10": 6, "11": 1 },
    "f": { "0": 54, "1": 34, "2": 9 },
    "b": { "0": [20, 34], "1": [3], "2": [23] }
  },
  "/Users/roschoupkin-d/Work/interviews/puzzles/countChars/countChars.ts": {
    "path": "/Users/roschoupkin-d/Work/interviews/puzzles/countChars/countChars.ts",
    "statementMap": {
      "0": { "start": { "line": 12, "column": 2 }, "end": { "line": 14, "column": null } },
      "1": { "start": { "line": 13, "column": 4 }, "end": { "line": 13, "column": 38 } },
      "2": { "start": { "line": 15, "column": 2 }, "end": { "line": 15, "column": 65 } },
      "3": { "start": { "line": 15, "column": 43 }, "end": { "line": 15, "column": 63 } },
      "4": { "start": { "line": 11, "column": 0 }, "end": { "line": 11, "column": 16 } },
      "5": { "start": { "line": 19, "column": 2 }, "end": { "line": 21, "column": null } },
      "6": { "start": { "line": 20, "column": 4 }, "end": { "line": 20, "column": 38 } },
      "7": { "start": { "line": 23, "column": 22 }, "end": { "line": 23, "column": 64 } },
      "8": { "start": { "line": 25, "column": 2 }, "end": { "line": 37, "column": null } },
      "9": { "start": { "line": 25, "column": 15 }, "end": { "line": 25, "column": 16 } },
      "10": { "start": { "line": 26, "column": 17 }, "end": { "line": 26, "column": 26 } },
      "11": { "start": { "line": 28, "column": 4 }, "end": { "line": 36, "column": null } },
      "12": { "start": { "line": 29, "column": 6 }, "end": { "line": 29, "column": 27 } },
      "13": { "start": { "line": 31, "column": 21 }, "end": { "line": 31, "column": 71 } },
      "14": { "start": { "line": 32, "column": 6 }, "end": { "line": 32, "column": 54 } },
      "15": { "start": { "line": 34, "column": 6 }, "end": { "line": 34, "column": 30 } },
      "16": { "start": { "line": 35, "column": 6 }, "end": { "line": 35, "column": 29 } },
      "17": { "start": { "line": 39, "column": 2 }, "end": { "line": 39, "column": 28 } },
      "18": { "start": { "line": 18, "column": 0 }, "end": { "line": 18, "column": 16 } },
      "19": { "start": { "line": 43, "column": 2 }, "end": { "line": 45, "column": null } },
      "20": { "start": { "line": 44, "column": 4 }, "end": { "line": 44, "column": 38 } },
      "21": { "start": { "line": 47, "column": 15 }, "end": { "line": 47, "column": 17 } },
      "22": { "start": { "line": 48, "column": 16 }, "end": { "line": 48, "column": 17 } },
      "23": { "start": { "line": 49, "column": 16 }, "end": { "line": 49, "column": 24 } },
      "24": { "start": { "line": 51, "column": 2 }, "end": { "line": 60, "column": null } },
      "25": { "start": { "line": 51, "column": 15 }, "end": { "line": 51, "column": 16 } },
      "26": { "start": { "line": 52, "column": 4 }, "end": { "line": 55, "column": null } },
      "27": { "start": { "line": 53, "column": 6 }, "end": { "line": 53, "column": 16 } },
      "28": { "start": { "line": 54, "column": 6 }, "end": { "line": 54, "column": 10 } },
      "29": { "start": { "line": 57, "column": 4 }, "end": { "line": 57, "column": 53 } },
      "30": { "start": { "line": 58, "column": 4 }, "end": { "line": 58, "column": 16 } },
      "31": { "start": { "line": 59, "column": 4 }, "end": { "line": 59, "column": 23 } },
      "32": { "start": { "line": 62, "column": 2 }, "end": { "line": 62, "column": 16 } },
      "33": { "start": { "line": 42, "column": 0 }, "end": { "line": 42, "column": 16 } }
    },
    "fnMap": {
      "0": {
        "name": "counter",
        "decl": { "start": { "line": 11, "column": 16 }, "end": { "line": 11, "column": 23 } },
        "loc": { "start": { "line": 11, "column": 35 }, "end": { "line": 16, "column": 1 } }
      },
      "1": {
        "name": "(anonymous_1)",
        "decl": { "start": { "line": 15, "column": 36 }, "end": { "line": 15, "column": 37 } },
        "loc": { "start": { "line": 15, "column": 43 }, "end": { "line": 15, "column": 63 } }
      },
      "2": {
        "name": "counter2",
        "decl": { "start": { "line": 18, "column": 16 }, "end": { "line": 18, "column": 24 } },
        "loc": { "start": { "line": 18, "column": 39 }, "end": { "line": 40, "column": 1 } }
      },
      "3": {
        "name": "counter3",
        "decl": { "start": { "line": 42, "column": 16 }, "end": { "line": 42, "column": 24 } },
        "loc": { "start": { "line": 42, "column": 38 }, "end": { "line": 63, "column": 1 } }
      }
    },
    "branchMap": {
      "0": {
        "loc": { "start": { "line": 12, "column": 2 }, "end": { "line": 14, "column": null } },
        "type": "if",
        "locations": [{ "start": { "line": 12, "column": 2 }, "end": { "line": 14, "column": null } }]
      },
      "1": {
        "loc": { "start": { "line": 19, "column": 2 }, "end": { "line": 21, "column": null } },
        "type": "if",
        "locations": [{ "start": { "line": 19, "column": 2 }, "end": { "line": 21, "column": null } }]
      },
      "2": {
        "loc": { "start": { "line": 28, "column": 4 }, "end": { "line": 36, "column": null } },
        "type": "if",
        "locations": [
          { "start": { "line": 28, "column": 4 }, "end": { "line": 36, "column": null } },
          { "start": { "line": 30, "column": 11 }, "end": { "line": 36, "column": null } }
        ]
      },
      "3": {
        "loc": { "start": { "line": 31, "column": 21 }, "end": { "line": 31, "column": 71 } },
        "type": "cond-expr",
        "locations": [
          { "start": { "line": 31, "column": 48 }, "end": { "line": 31, "column": 50 } },
          { "start": { "line": 31, "column": 53 }, "end": { "line": 31, "column": 71 } }
        ]
      },
      "4": {
        "loc": { "start": { "line": 43, "column": 2 }, "end": { "line": 45, "column": null } },
        "type": "if",
        "locations": [{ "start": { "line": 43, "column": 2 }, "end": { "line": 45, "column": null } }]
      },
      "5": {
        "loc": { "start": { "line": 57, "column": 25 }, "end": { "line": 57, "column": 51 } },
        "type": "cond-expr",
        "locations": [
          { "start": { "line": 57, "column": 39 }, "end": { "line": 57, "column": 46 } },
          { "start": { "line": 57, "column": 49 }, "end": { "line": 57, "column": 51 } }
        ]
      }
    },
    "s": {
      "0": 2,
      "1": 1,
      "2": 1,
      "3": 8,
      "4": 1,
      "5": 2,
      "6": 1,
      "7": 1,
      "8": 1,
      "9": 1,
      "10": 57,
      "11": 57,
      "12": 46,
      "13": 11,
      "14": 11,
      "15": 11,
      "16": 11,
      "17": 1,
      "18": 1,
      "19": 2,
      "20": 1,
      "21": 1,
      "22": 1,
      "23": 1,
      "24": 1,
      "25": 1,
      "26": 11,
      "27": 45,
      "28": 45,
      "29": 11,
      "30": 11,
      "31": 11,
      "32": 1,
      "33": 1
    },
    "f": { "0": 2, "1": 8, "2": 2, "3": 2 },
    "b": { "0": [1], "1": [1], "2": [46, 11], "3": [3, 8], "4": [1], "5": [8, 3] }
  },
  "/Users/roschoupkin-d/Work/interviews/puzzles/detourRooms/detourRooms.ts": {
    "path": "/Users/roschoupkin-d/Work/interviews/puzzles/detourRooms/detourRooms.ts",
    "statementMap": {
      "0": { "start": { "line": 14, "column": 16 }, "end": { "line": 16, "column": 33 } },
      "1": { "start": { "line": 15, "column": 4 }, "end": { "line": 15, "column": 29 } },
      "2": { "start": { "line": 18, "column": 26 }, "end": { "line": 18, "column": 44 } },
      "3": { "start": { "line": 20, "column": 2 }, "end": { "line": 20, "column": 18 } },
      "4": { "start": { "line": 22, "column": 2 }, "end": { "line": 34, "column": null } },
      "5": { "start": { "line": 23, "column": 17 }, "end": { "line": 23, "column": 28 } },
      "6": { "start": { "line": 25, "column": 4 }, "end": { "line": 29, "column": null } },
      "7": { "start": { "line": 26, "column": 19 }, "end": { "line": 26, "column": 40 } },
      "8": { "start": { "line": 27, "column": 6 }, "end": { "line": 27, "column": 26 } },
      "9": { "start": { "line": 28, "column": 6 }, "end": { "line": 28, "column": 25 } },
      "10": { "start": { "line": 31, "column": 4 }, "end": { "line": 33, "column": null } },
      "11": { "start": { "line": 32, "column": 6 }, "end": { "line": 32, "column": 12 } },
      "12": { "start": { "line": 36, "column": 2 }, "end": { "line": 36, "column": 26 } },
      "13": { "start": { "line": 13, "column": 0 }, "end": { "line": 13, "column": 16 } },
      "14": { "start": { "line": 40, "column": 16 }, "end": { "line": 40, "column": 30 } },
      "15": { "start": { "line": 41, "column": 18 }, "end": { "line": 41, "column": 30 } },
      "16": { "start": { "line": 43, "column": 2 }, "end": { "line": 59, "column": null } },
      "17": { "start": { "line": 44, "column": 17 }, "end": { "line": 44, "column": 28 } },
      "18": { "start": { "line": 46, "column": 4 }, "end": { "line": 54, "column": null } },
      "19": { "start": { "line": 47, "column": 6 }, "end": { "line": 49, "column": null } },
      "20": { "start": { "line": 48, "column": 8 }, "end": { "line": 48, "column": 17 } },
      "21": { "start": { "line": 51, "column": 6 }, "end": { "line": 51, "column": 24 } },
      "22": { "start": { "line": 52, "column": 19 }, "end": { "line": 52, "column": 36 } },
      "23": { "start": { "line": 53, "column": 6 }, "end": { "line": 53, "column": 26 } },
      "24": { "start": { "line": 56, "column": 4 }, "end": { "line": 58, "column": null } },
      "25": { "start": { "line": 57, "column": 6 }, "end": { "line": 57, "column": 12 } },
      "26": { "start": { "line": 61, "column": 2 }, "end": { "line": 61, "column": 39 } },
      "27": { "start": { "line": 39, "column": 0 }, "end": { "line": 39, "column": 16 } }
    },
    "fnMap": {
      "0": {
        "name": "detourRooms1",
        "decl": { "start": { "line": 13, "column": 16 }, "end": { "line": 13, "column": 28 } },
        "loc": { "start": { "line": 13, "column": 45 }, "end": { "line": 37, "column": 1 } }
      },
      "1": {
        "name": "(anonymous_1)",
        "decl": { "start": { "line": 14, "column": 28 }, "end": { "line": 14, "column": 29 } },
        "loc": { "start": { "line": 14, "column": 46 }, "end": { "line": 16, "column": 3 } }
      },
      "2": {
        "name": "detourRooms2",
        "decl": { "start": { "line": 39, "column": 16 }, "end": { "line": 39, "column": 28 } },
        "loc": { "start": { "line": 39, "column": 46 }, "end": { "line": 62, "column": 1 } }
      }
    },
    "branchMap": {
      "0": {
        "loc": { "start": { "line": 18, "column": 26 }, "end": { "line": 18, "column": 44 } },
        "type": "cond-expr",
        "locations": [
          { "start": { "line": 18, "column": 38 }, "end": { "line": 18, "column": 42 } },
          { "start": { "line": 18, "column": 42 }, "end": { "line": 18, "column": 44 } }
        ]
      },
      "1": {
        "loc": { "start": { "line": 18, "column": 26 }, "end": { "line": 18, "column": 42 } },
        "type": "binary-expr",
        "locations": [
          { "start": { "line": 18, "column": 26 }, "end": { "line": 18, "column": 42 } },
          { "start": { "line": 18, "column": 38 }, "end": { "line": 18, "column": 42 } }
        ]
      },
      "2": {
        "loc": { "start": { "line": 25, "column": 4 }, "end": { "line": 29, "column": null } },
        "type": "if",
        "locations": [{ "start": { "line": 25, "column": 4 }, "end": { "line": 29, "column": null } }]
      },
      "3": {
        "loc": { "start": { "line": 26, "column": 19 }, "end": { "line": 26, "column": 40 } },
        "type": "cond-expr",
        "locations": [
          { "start": { "line": 26, "column": 34 }, "end": { "line": 26, "column": 38 } },
          { "start": { "line": 26, "column": 38 }, "end": { "line": 26, "column": 40 } }
        ]
      },
      "4": {
        "loc": { "start": { "line": 26, "column": 19 }, "end": { "line": 26, "column": 38 } },
        "type": "binary-expr",
        "locations": [
          { "start": { "line": 26, "column": 19 }, "end": { "line": 26, "column": 38 } },
          { "start": { "line": 26, "column": 34 }, "end": { "line": 26, "column": 38 } }
        ]
      },
      "5": {
        "loc": { "start": { "line": 31, "column": 4 }, "end": { "line": 33, "column": null } },
        "type": "if",
        "locations": [{ "start": { "line": 31, "column": 4 }, "end": { "line": 33, "column": null } }]
      },
      "6": {
        "loc": { "start": { "line": 40, "column": 16 }, "end": { "line": 40, "column": 30 } },
        "type": "cond-expr",
        "locations": [
          { "start": { "line": 40, "column": 24 }, "end": { "line": 40, "column": 28 } },
          { "start": { "line": 40, "column": 28 }, "end": { "line": 40, "column": 30 } }
        ]
      },
      "7": {
        "loc": { "start": { "line": 40, "column": 16 }, "end": { "line": 40, "column": 28 } },
        "type": "binary-expr",
        "locations": [
          { "start": { "line": 40, "column": 16 }, "end": { "line": 40, "column": 28 } },
          { "start": { "line": 40, "column": 24 }, "end": { "line": 40, "column": 28 } }
        ]
      },
      "8": {
        "loc": { "start": { "line": 46, "column": 4 }, "end": { "line": 54, "column": null } },
        "type": "if",
        "locations": [{ "start": { "line": 46, "column": 4 }, "end": { "line": 54, "column": null } }]
      },
      "9": {
        "loc": { "start": { "line": 47, "column": 6 }, "end": { "line": 49, "column": null } },
        "type": "if",
        "locations": [{ "start": { "line": 47, "column": 6 }, "end": { "line": 49, "column": null } }]
      },
      "10": {
        "loc": { "start": { "line": 52, "column": 19 }, "end": { "line": 52, "column": 36 } },
        "type": "cond-expr",
        "locations": [
          { "start": { "line": 52, "column": 30 }, "end": { "line": 52, "column": 34 } },
          { "start": { "line": 52, "column": 34 }, "end": { "line": 52, "column": 36 } }
        ]
      },
      "11": {
        "loc": { "start": { "line": 52, "column": 19 }, "end": { "line": 52, "column": 34 } },
        "type": "binary-expr",
        "locations": [
          { "start": { "line": 52, "column": 19 }, "end": { "line": 52, "column": 34 } },
          { "start": { "line": 52, "column": 30 }, "end": { "line": 52, "column": 34 } }
        ]
      },
      "12": {
        "loc": { "start": { "line": 56, "column": 4 }, "end": { "line": 58, "column": null } },
        "type": "if",
        "locations": [{ "start": { "line": 56, "column": 4 }, "end": { "line": 58, "column": null } }]
      }
    },
    "s": {
      "0": 5,
      "1": 19,
      "2": 5,
      "3": 5,
      "4": 5,
      "5": 11,
      "6": 11,
      "7": 11,
      "8": 11,
      "9": 11,
      "10": 11,
      "11": 3,
      "12": 5,
      "13": 1,
      "14": 5,
      "15": 5,
      "16": 5,
      "17": 11,
      "18": 11,
      "19": 11,
      "20": 0,
      "21": 11,
      "22": 11,
      "23": 11,
      "24": 11,
      "25": 3,
      "26": 5,
      "27": 1
    },
    "f": { "0": 5, "1": 19, "2": 5 },
    "b": {
      "0": [5, 0],
      "1": [5, 5],
      "2": [11],
      "3": [11, 0],
      "4": [11, 11],
      "5": [3],
      "6": [5, 0],
      "7": [5, 5],
      "8": [11],
      "9": [0],
      "10": [11, 0],
      "11": [11, 11],
      "12": [3]
    }
  },
  "/Users/roschoupkin-d/Work/interviews/puzzles/fibonacci/fibonacci.ts": {
    "path": "/Users/roschoupkin-d/Work/interviews/puzzles/fibonacci/fibonacci.ts",
    "statementMap": {
      "0": { "start": { "line": 8, "column": 2 }, "end": { "line": 10, "column": null } },
      "1": { "start": { "line": 9, "column": 4 }, "end": { "line": 9, "column": 15 } },
      "2": { "start": { "line": 11, "column": 2 }, "end": { "line": 11, "column": 49 } },
      "3": { "start": { "line": 7, "column": 0 }, "end": { "line": 7, "column": 16 } },
      "4": { "start": { "line": 15, "column": 17 }, "end": { "line": 15, "column": 23 } },
      "5": { "start": { "line": 17, "column": 2 }, "end": { "line": 19, "column": null } },
      "6": { "start": { "line": 17, "column": 15 }, "end": { "line": 17, "column": 16 } },
      "7": { "start": { "line": 18, "column": 4 }, "end": { "line": 18, "column": 47 } },
      "8": { "start": { "line": 21, "column": 2 }, "end": { "line": 21, "column": 21 } },
      "9": { "start": { "line": 14, "column": 0 }, "end": { "line": 14, "column": 16 } }
    },
    "fnMap": {
      "0": {
        "name": "fibonacci",
        "decl": { "start": { "line": 7, "column": 16 }, "end": { "line": 7, "column": 25 } },
        "loc": { "start": { "line": 7, "column": 37 }, "end": { "line": 12, "column": 1 } }
      },
      "1": {
        "name": "fibonacci2",
        "decl": { "start": { "line": 14, "column": 16 }, "end": { "line": 14, "column": 26 } },
        "loc": { "start": { "line": 14, "column": 38 }, "end": { "line": 22, "column": 1 } }
      }
    },
    "branchMap": {
      "0": {
        "loc": { "start": { "line": 8, "column": 2 }, "end": { "line": 10, "column": null } },
        "type": "if",
        "locations": [{ "start": { "line": 8, "column": 2 }, "end": { "line": 10, "column": null } }]
      }
    },
    "s": { "0": 222, "1": 116, "2": 106, "3": 1, "4": 2, "5": 2, "6": 2, "7": 11, "8": 2, "9": 1 },
    "f": { "0": 222, "1": 2 },
    "b": { "0": [116] }
  },
  "/Users/roschoupkin-d/Work/interviews/puzzles/findEqualElements/findEqualElements.ts": {
    "path": "/Users/roschoupkin-d/Work/interviews/puzzles/findEqualElements/findEqualElements.ts",
    "statementMap": {
      "0": { "start": { "line": 9, "column": 27 }, "end": { "line": 9, "column": 29 } },
      "1": { "start": { "line": 10, "column": 12 }, "end": { "line": 10, "column": 28 } },
      "2": { "start": { "line": 12, "column": 2 }, "end": { "line": 22, "column": null } },
      "3": { "start": { "line": 13, "column": 4 }, "end": { "line": 21, "column": null } },
      "4": { "start": { "line": 14, "column": 6 }, "end": { "line": 14, "column": 13 } },
      "5": { "start": { "line": 15, "column": 11 }, "end": { "line": 21, "column": null } },
      "6": { "start": { "line": 16, "column": 6 }, "end": { "line": 16, "column": 13 } },
      "7": { "start": { "line": 18, "column": 6 }, "end": { "line": 18, "column": 28 } },
      "8": { "start": { "line": 19, "column": 6 }, "end": { "line": 19, "column": 13 } },
      "9": { "start": { "line": 20, "column": 6 }, "end": { "line": 20, "column": 13 } },
      "10": { "start": { "line": 24, "column": 2 }, "end": { "line": 24, "column": 16 } },
      "11": { "start": { "line": 8, "column": 0 }, "end": { "line": 8, "column": 16 } }
    },
    "fnMap": {
      "0": {
        "name": "findEqualElements",
        "decl": { "start": { "line": 8, "column": 16 }, "end": { "line": 8, "column": 33 } },
        "loc": { "start": { "line": 8, "column": 60 }, "end": { "line": 25, "column": 1 } }
      }
    },
    "branchMap": {
      "0": {
        "loc": { "start": { "line": 12, "column": 9 }, "end": { "line": 12, "column": 45 } },
        "type": "binary-expr",
        "locations": [
          { "start": { "line": 12, "column": 9 }, "end": { "line": 12, "column": 25 } },
          { "start": { "line": 12, "column": 29 }, "end": { "line": 12, "column": 45 } }
        ]
      },
      "1": {
        "loc": { "start": { "line": 13, "column": 4 }, "end": { "line": 21, "column": null } },
        "type": "if",
        "locations": [
          { "start": { "line": 13, "column": 4 }, "end": { "line": 21, "column": null } },
          { "start": { "line": 15, "column": 11 }, "end": { "line": 21, "column": null } }
        ]
      },
      "2": {
        "loc": { "start": { "line": 15, "column": 11 }, "end": { "line": 21, "column": null } },
        "type": "if",
        "locations": [
          { "start": { "line": 15, "column": 11 }, "end": { "line": 21, "column": null } },
          { "start": { "line": 17, "column": 11 }, "end": { "line": 21, "column": null } }
        ]
      }
    },
    "s": { "0": 3, "1": 3, "2": 3, "3": 9, "4": 3, "5": 6, "6": 2, "7": 4, "8": 4, "9": 4, "10": 3, "11": 1 },
    "f": { "0": 3 },
    "b": { "0": [12, 11], "1": [3, 6], "2": [2, 4] }
  },
  "/Users/roschoupkin-d/Work/interviews/puzzles/flatten/flatten.ts": {
    "path": "/Users/roschoupkin-d/Work/interviews/puzzles/flatten/flatten.ts",
    "statementMap": {
      "0": { "start": { "line": 10, "column": 16 }, "end": { "line": 10, "column": 24 } },
      "1": { "start": { "line": 11, "column": 28 }, "end": { "line": 11, "column": 30 } },
      "2": { "start": { "line": 13, "column": 2 }, "end": { "line": 22, "column": null } },
      "3": { "start": { "line": 14, "column": 17 }, "end": { "line": 14, "column": 28 } },
      "4": { "start": { "line": 15, "column": 4 }, "end": { "line": 21, "column": null } },
      "5": { "start": { "line": 16, "column": 6 }, "end": { "line": 18, "column": null } },
      "6": { "start": { "line": 16, "column": 19 }, "end": { "line": 16, "column": 34 } },
      "7": { "start": { "line": 17, "column": 8 }, "end": { "line": 17, "column": 28 } },
      "8": { "start": { "line": 20, "column": 6 }, "end": { "line": 20, "column": 24 } },
      "9": { "start": { "line": 24, "column": 2 }, "end": { "line": 24, "column": 16 } },
      "10": { "start": { "line": 9, "column": 0 }, "end": { "line": 9, "column": 16 } },
      "11": { "start": { "line": 28, "column": 2 }, "end": { "line": 30, "column": 9 } },
      "12": { "start": { "line": 29, "column": 4 }, "end": { "line": 29, "column": 63 } },
      "13": { "start": { "line": 27, "column": 0 }, "end": { "line": 27, "column": 16 } }
    },
    "fnMap": {
      "0": {
        "name": "flatten",
        "decl": { "start": { "line": 9, "column": 16 }, "end": { "line": 9, "column": 23 } },
        "loc": { "start": { "line": 9, "column": 41 }, "end": { "line": 25, "column": 1 } }
      },
      "1": {
        "name": "flatten2",
        "decl": { "start": { "line": 27, "column": 16 }, "end": { "line": 27, "column": 24 } },
        "loc": { "start": { "line": 27, "column": 40 }, "end": { "line": 31, "column": 1 } }
      },
      "2": {
        "name": "(anonymous_2)",
        "decl": { "start": { "line": 28, "column": 32 }, "end": { "line": 28, "column": 33 } },
        "loc": { "start": { "line": 28, "column": 45 }, "end": { "line": 30, "column": 3 } }
      }
    },
    "branchMap": {
      "0": {
        "loc": { "start": { "line": 15, "column": 4 }, "end": { "line": 21, "column": null } },
        "type": "if",
        "locations": [
          { "start": { "line": 15, "column": 4 }, "end": { "line": 21, "column": null } },
          { "start": { "line": 19, "column": 11 }, "end": { "line": 21, "column": null } }
        ]
      },
      "1": {
        "loc": { "start": { "line": 29, "column": 22 }, "end": { "line": 29, "column": 61 } },
        "type": "cond-expr",
        "locations": [
          { "start": { "line": 29, "column": 43 }, "end": { "line": 29, "column": 55 } },
          { "start": { "line": 29, "column": 58 }, "end": { "line": 29, "column": 61 } }
        ]
      }
    },
    "s": { "0": 7, "1": 7, "2": 7, "3": 41, "4": 41, "5": 15, "6": 15, "7": 34, "8": 26, "9": 7, "10": 1, "11": 3, "12": 10, "13": 1 },
    "f": { "0": 7, "1": 3, "2": 10 },
    "b": { "0": [15, 26], "1": [4, 6] }
  },
  "/Users/roschoupkin-d/Work/interviews/puzzles/fuzzysearch/fuzzysearch.ts": {
    "path": "/Users/roschoupkin-d/Work/interviews/puzzles/fuzzysearch/fuzzysearch.ts",
    "statementMap": {
      "0": { "start": { "line": 9, "column": 2 }, "end": { "line": 11, "column": null } },
      "1": { "start": { "line": 10, "column": 4 }, "end": { "line": 10, "column": 16 } },
      "2": { "start": { "line": 13, "column": 13 }, "end": { "line": 13, "column": 15 } },
      "3": { "start": { "line": 15, "column": 2 }, "end": { "line": 20, "column": null } },
      "4": { "start": { "line": 16, "column": 4 }, "end": { "line": 16, "column": 39 } },
      "5": { "start": { "line": 17, "column": 4 }, "end": { "line": 19, "column": null } },
      "6": { "start": { "line": 18, "column": 6 }, "end": { "line": 18, "column": 19 } },
      "7": { "start": { "line": 22, "column": 2 }, "end": { "line": 22, "column": 14 } },
      "8": { "start": { "line": 8, "column": 0 }, "end": { "line": 8, "column": 16 } },
      "9": { "start": { "line": 26, "column": 2 }, "end": { "line": 34, "column": null } },
      "10": { "start": { "line": 26, "column": 9 }, "end": { "line": 34, "column": null } },
      "11": { "start": { "line": 26, "column": 22 }, "end": { "line": 26, "column": 23 } },
      "12": { "start": { "line": 26, "column": 29 }, "end": { "line": 26, "column": 30 } },
      "13": { "start": { "line": 27, "column": 16 }, "end": { "line": 27, "column": 36 } },
      "14": { "start": { "line": 28, "column": 4 }, "end": { "line": 32, "column": null } },
      "15": { "start": { "line": 29, "column": 6 }, "end": { "line": 31, "column": null } },
      "16": { "start": { "line": 30, "column": 8 }, "end": { "line": 30, "column": 23 } },
      "17": { "start": { "line": 33, "column": 4 }, "end": { "line": 33, "column": 17 } },
      "18": { "start": { "line": 36, "column": 2 }, "end": { "line": 36, "column": 14 } },
      "19": { "start": { "line": 25, "column": 0 }, "end": { "line": 25, "column": 16 } },
      "20": { "start": { "line": 40, "column": 18 }, "end": { "line": 45, "column": 4 } },
      "21": { "start": { "line": 43, "column": 6 }, "end": { "line": 43, "column": 39 } },
      "22": { "start": { "line": 47, "column": 2 }, "end": { "line": 55, "column": null } },
      "23": { "start": { "line": 47, "column": 15 }, "end": { "line": 47, "column": 16 } },
      "24": { "start": { "line": 48, "column": 4 }, "end": { "line": 50, "column": null } },
      "25": { "start": { "line": 49, "column": 6 }, "end": { "line": 49, "column": 22 } },
      "26": { "start": { "line": 52, "column": 4 }, "end": { "line": 54, "column": null } },
      "27": { "start": { "line": 53, "column": 6 }, "end": { "line": 53, "column": 12 } },
      "28": { "start": { "line": 57, "column": 2 }, "end": { "line": 57, "column": 26 } },
      "29": { "start": { "line": 39, "column": 0 }, "end": { "line": 39, "column": 16 } }
    },
    "fnMap": {
      "0": {
        "name": "fuzzysearch",
        "decl": { "start": { "line": 8, "column": 16 }, "end": { "line": 8, "column": 27 } },
        "loc": { "start": { "line": 8, "column": 55 }, "end": { "line": 23, "column": 1 } }
      },
      "1": {
        "name": "fuzzysearch2",
        "decl": { "start": { "line": 25, "column": 16 }, "end": { "line": 25, "column": 28 } },
        "loc": { "start": { "line": 25, "column": 56 }, "end": { "line": 37, "column": 1 } }
      },
      "2": {
        "name": "fuzzysearch3",
        "decl": { "start": { "line": 39, "column": 16 }, "end": { "line": 39, "column": 28 } },
        "loc": { "start": { "line": 39, "column": 53 }, "end": { "line": 58, "column": 1 } }
      },
      "3": {
        "name": "(anonymous_3)",
        "decl": { "start": { "line": 42, "column": 4 }, "end": { "line": 42, "column": 8 } },
        "loc": { "start": { "line": 42, "column": 16 }, "end": { "line": 44, "column": 5 } }
      }
    },
    "branchMap": {
      "0": {
        "loc": { "start": { "line": 9, "column": 2 }, "end": { "line": 11, "column": null } },
        "type": "if",
        "locations": [{ "start": { "line": 9, "column": 2 }, "end": { "line": 11, "column": null } }]
      },
      "1": {
        "loc": { "start": { "line": 17, "column": 4 }, "end": { "line": 19, "column": null } },
        "type": "if",
        "locations": [{ "start": { "line": 17, "column": 4 }, "end": { "line": 19, "column": null } }]
      },
      "2": {
        "loc": { "start": { "line": 29, "column": 6 }, "end": { "line": 31, "column": null } },
        "type": "if",
        "locations": [{ "start": { "line": 29, "column": 6 }, "end": { "line": 31, "column": null } }]
      },
      "3": {
        "loc": { "start": { "line": 48, "column": 4 }, "end": { "line": 50, "column": null } },
        "type": "if",
        "locations": [{ "start": { "line": 48, "column": 4 }, "end": { "line": 50, "column": null } }]
      },
      "4": {
        "loc": { "start": { "line": 52, "column": 4 }, "end": { "line": 54, "column": null } },
        "type": "if",
        "locations": [{ "start": { "line": 52, "column": 4 }, "end": { "line": 54, "column": null } }]
      }
    },
    "s": {
      "0": 6,
      "1": 2,
      "2": 4,
      "3": 4,
      "4": 17,
      "5": 17,
      "6": 2,
      "7": 2,
      "8": 1,
      "9": 6,
      "10": 6,
      "11": 6,
      "12": 6,
      "13": 29,
      "14": 29,
      "15": 47,
      "16": 27,
      "17": 2,
      "18": 4,
      "19": 1,
      "20": 6,
      "21": 53,
      "22": 6,
      "23": 6,
      "24": 47,
      "25": 27,
      "26": 47,
      "27": 4,
      "28": 6,
      "29": 1
    },
    "f": { "0": 6, "1": 6, "2": 6, "3": 53 },
    "b": { "0": [2], "1": [2], "2": [27], "3": [27], "4": [4] }
  },
  "/Users/roschoupkin-d/Work/interviews/puzzles/getPrimeNumbers/getPrimeNumbers.ts": {
    "path": "/Users/roschoupkin-d/Work/interviews/puzzles/getPrimeNumbers/getPrimeNumbers.ts",
    "statementMap": {
      "0": { "start": { "line": 6, "column": 27 }, "end": { "line": 6, "column": 29 } },
      "1": { "start": { "line": 8, "column": 18 }, "end": { "line": 15, "column": 3 } },
      "2": { "start": { "line": 9, "column": 4 }, "end": { "line": 13, "column": null } },
      "3": { "start": { "line": 9, "column": 17 }, "end": { "line": 9, "column": 18 } },
      "4": { "start": { "line": 10, "column": 6 }, "end": { "line": 12, "column": null } },
      "5": { "start": { "line": 11, "column": 8 }, "end": { "line": 11, "column": 21 } },
      "6": { "start": { "line": 14, "column": 4 }, "end": { "line": 14, "column": 16 } },
      "7": { "start": { "line": 17, "column": 2 }, "end": { "line": 21, "column": null } },
      "8": { "start": { "line": 17, "column": 15 }, "end": { "line": 17, "column": 16 } },
      "9": { "start": { "line": 18, "column": 4 }, "end": { "line": 20, "column": null } },
      "10": { "start": { "line": 19, "column": 6 }, "end": { "line": 19, "column": 21 } },
      "11": { "start": { "line": 23, "column": 2 }, "end": { "line": 23, "column": 16 } },
      "12": { "start": { "line": 5, "column": 0 }, "end": { "line": 5, "column": 16 } },
      "13": { "start": { "line": 27, "column": 23 }, "end": { "line": 27, "column": 50 } },
      "14": { "start": { "line": 29, "column": 2 }, "end": { "line": 37, "column": null } },
      "15": { "start": { "line": 29, "column": 15 }, "end": { "line": 29, "column": 16 } },
      "16": { "start": { "line": 30, "column": 4 }, "end": { "line": 36, "column": null } },
      "17": { "start": { "line": 31, "column": 14 }, "end": { "line": 31, "column": 28 } },
      "18": { "start": { "line": 32, "column": 6 }, "end": { "line": 35, "column": null } },
      "19": { "start": { "line": 33, "column": 8 }, "end": { "line": 33, "column": 21 } },
      "20": { "start": { "line": 34, "column": 8 }, "end": { "line": 34, "column": 15 } },
      "21": { "start": { "line": 39, "column": 2 }, "end": { "line": 44, "column": 9 } },
      "22": { "start": { "line": 40, "column": 4 }, "end": { "line": 42, "column": null } },
      "23": { "start": { "line": 41, "column": 6 }, "end": { "line": 41, "column": 16 } },
      "24": { "start": { "line": 43, "column": 4 }, "end": { "line": 43, "column": 13 } },
      "25": { "start": { "line": 26, "column": 0 }, "end": { "line": 26, "column": 16 } }
    },
    "fnMap": {
      "0": {
        "name": "getPrimeNumbers",
        "decl": { "start": { "line": 5, "column": 16 }, "end": { "line": 5, "column": 31 } },
        "loc": { "start": { "line": 5, "column": 41 }, "end": { "line": 24, "column": 1 } }
      },
      "1": {
        "name": "(anonymous_1)",
        "decl": { "start": { "line": 8, "column": 18 }, "end": { "line": 8, "column": 19 } },
        "loc": { "start": { "line": 8, "column": 32 }, "end": { "line": 15, "column": 3 } }
      },
      "2": {
        "name": "getPrimeNumbers2",
        "decl": { "start": { "line": 26, "column": 16 }, "end": { "line": 26, "column": 32 } },
        "loc": { "start": { "line": 26, "column": 42 }, "end": { "line": 45, "column": 1 } }
      },
      "3": {
        "name": "(anonymous_3)",
        "decl": { "start": { "line": 39, "column": 28 }, "end": { "line": 39, "column": 29 } },
        "loc": { "start": { "line": 39, "column": 40 }, "end": { "line": 44, "column": 3 } }
      }
    },
    "branchMap": {
      "0": {
        "loc": { "start": { "line": 10, "column": 6 }, "end": { "line": 12, "column": null } },
        "type": "if",
        "locations": [{ "start": { "line": 10, "column": 6 }, "end": { "line": 12, "column": null } }]
      },
      "1": {
        "loc": { "start": { "line": 18, "column": 4 }, "end": { "line": 20, "column": null } },
        "type": "if",
        "locations": [{ "start": { "line": 18, "column": 4 }, "end": { "line": 20, "column": null } }]
      },
      "2": {
        "loc": { "start": { "line": 30, "column": 4 }, "end": { "line": 36, "column": null } },
        "type": "if",
        "locations": [{ "start": { "line": 30, "column": 4 }, "end": { "line": 36, "column": null } }]
      },
      "3": {
        "loc": { "start": { "line": 40, "column": 4 }, "end": { "line": 42, "column": null } },
        "type": "if",
        "locations": [{ "start": { "line": 40, "column": 4 }, "end": { "line": 42, "column": null } }]
      },
      "4": {
        "loc": { "start": { "line": 40, "column": 8 }, "end": { "line": 40, "column": 18 } },
        "type": "binary-expr",
        "locations": [
          { "start": { "line": 40, "column": 8 }, "end": { "line": 40, "column": 13 } },
          { "start": { "line": 40, "column": 17 }, "end": { "line": 40, "column": 18 } }
        ]
      }
    },
    "s": {
      "0": 6,
      "1": 6,
      "2": 1185,
      "3": 1185,
      "4": 79654,
      "5": 962,
      "6": 223,
      "7": 6,
      "8": 6,
      "9": 1185,
      "10": 223,
      "11": 6,
      "12": 1,
      "13": 6,
      "14": 6,
      "15": 6,
      "16": 51,
      "17": 24,
      "18": 24,
      "19": 1586,
      "20": 1586,
      "21": 6,
      "22": 1197,
      "23": 223,
      "24": 1197,
      "25": 1
    },
    "f": { "0": 6, "1": 1185, "2": 6, "3": 1197 },
    "b": { "0": [962], "1": [223], "2": [24], "3": [223], "4": [1197, 1185] }
  },
  "/Users/roschoupkin-d/Work/interviews/puzzles/groupAnagrams/groupAnagrams.ts": {
    "path": "/Users/roschoupkin-d/Work/interviews/puzzles/groupAnagrams/groupAnagrams.ts",
    "statementMap": {
      "0": { "start": { "line": 9, "column": 14 }, "end": { "line": 9, "column": 23 } },
      "1": { "start": { "line": 10, "column": 2 }, "end": { "line": 20, "column": 9 } },
      "2": { "start": { "line": 11, "column": 19 }, "end": { "line": 11, "column": 49 } },
      "3": { "start": { "line": 13, "column": 4 }, "end": { "line": 17, "column": null } },
      "4": { "start": { "line": 14, "column": 6 }, "end": { "line": 14, "column": 41 } },
      "5": { "start": { "line": 16, "column": 6 }, "end": { "line": 16, "column": 47 } },
      "6": { "start": { "line": 19, "column": 4 }, "end": { "line": 19, "column": 18 } },
      "7": { "start": { "line": 8, "column": 0 }, "end": { "line": 8, "column": 16 } },
      "8": { "start": { "line": 24, "column": 41 }, "end": { "line": 24, "column": 43 } },
      "9": { "start": { "line": 26, "column": 2 }, "end": { "line": 33, "column": null } },
      "10": { "start": { "line": 27, "column": 19 }, "end": { "line": 27, "column": 46 } },
      "11": { "start": { "line": 28, "column": 4 }, "end": { "line": 32, "column": null } },
      "12": { "start": { "line": 29, "column": 6 }, "end": { "line": 29, "column": 27 } },
      "13": { "start": { "line": 31, "column": 6 }, "end": { "line": 31, "column": 25 } },
      "14": { "start": { "line": 35, "column": 2 }, "end": { "line": 35, "column": 29 } },
      "15": { "start": { "line": 23, "column": 0 }, "end": { "line": 23, "column": 16 } }
    },
    "fnMap": {
      "0": {
        "name": "groupAnagrams",
        "decl": { "start": { "line": 8, "column": 16 }, "end": { "line": 8, "column": 29 } },
        "loc": { "start": { "line": 8, "column": 44 }, "end": { "line": 21, "column": 1 } }
      },
      "1": {
        "name": "(anonymous_1)",
        "decl": { "start": { "line": 10, "column": 33 }, "end": { "line": 10, "column": 34 } },
        "loc": { "start": { "line": 10, "column": 50 }, "end": { "line": 20, "column": 3 } }
      },
      "2": {
        "name": "groupAnagrams2",
        "decl": { "start": { "line": 23, "column": 16 }, "end": { "line": 23, "column": 30 } },
        "loc": { "start": { "line": 23, "column": 46 }, "end": { "line": 36, "column": 1 } }
      }
    },
    "branchMap": {
      "0": {
        "loc": { "start": { "line": 13, "column": 4 }, "end": { "line": 17, "column": null } },
        "type": "if",
        "locations": [
          { "start": { "line": 13, "column": 4 }, "end": { "line": 17, "column": null } },
          { "start": { "line": 15, "column": 11 }, "end": { "line": 17, "column": null } }
        ]
      },
      "1": {
        "loc": { "start": { "line": 28, "column": 4 }, "end": { "line": 32, "column": null } },
        "type": "if",
        "locations": [
          { "start": { "line": 28, "column": 4 }, "end": { "line": 32, "column": null } },
          { "start": { "line": 30, "column": 11 }, "end": { "line": 32, "column": null } }
        ]
      }
    },
    "s": {
      "0": 2,
      "1": 2,
      "2": 12,
      "3": 12,
      "4": 6,
      "5": 6,
      "6": 12,
      "7": 1,
      "8": 2,
      "9": 2,
      "10": 12,
      "11": 12,
      "12": 6,
      "13": 6,
      "14": 2,
      "15": 1
    },
    "f": { "0": 2, "1": 12, "2": 2 },
    "b": { "0": [6, 6], "1": [6, 6] }
  },
  "/Users/roschoupkin-d/Work/interviews/puzzles/isPalindrome/isPalindrome.ts": {
    "path": "/Users/roschoupkin-d/Work/interviews/puzzles/isPalindrome/isPalindrome.ts",
    "statementMap": {
      "0": { "start": { "line": 12, "column": 14 }, "end": { "line": 15, "column": 4 } },
      "1": { "start": { "line": 17, "column": 17 }, "end": { "line": 17, "column": 52 } },
      "2": { "start": { "line": 17, "column": 32 }, "end": { "line": 17, "column": 52 } },
      "3": { "start": { "line": 18, "column": 18 }, "end": { "line": 18, "column": 79 } },
      "4": { "start": { "line": 18, "column": 44 }, "end": { "line": 18, "column": 79 } },
      "5": { "start": { "line": 20, "column": 2 }, "end": { "line": 40, "column": null } },
      "6": { "start": { "line": 21, "column": 16 }, "end": { "line": 21, "column": 28 } },
      "7": { "start": { "line": 22, "column": 18 }, "end": { "line": 22, "column": 32 } },
      "8": { "start": { "line": 24, "column": 4 }, "end": { "line": 27, "column": null } },
      "9": { "start": { "line": 25, "column": 6 }, "end": { "line": 25, "column": 16 } },
      "10": { "start": { "line": 26, "column": 6 }, "end": { "line": 26, "column": 15 } },
      "11": { "start": { "line": 29, "column": 4 }, "end": { "line": 32, "column": null } },
      "12": { "start": { "line": 30, "column": 6 }, "end": { "line": 30, "column": 18 } },
      "13": { "start": { "line": 31, "column": 6 }, "end": { "line": 31, "column": 15 } },
      "14": { "start": { "line": 34, "column": 4 }, "end": { "line": 36, "column": null } },
      "15": { "start": { "line": 35, "column": 6 }, "end": { "line": 35, "column": 19 } },
      "16": { "start": { "line": 38, "column": 4 }, "end": { "line": 38, "column": 14 } },
      "17": { "start": { "line": 39, "column": 4 }, "end": { "line": 39, "column": 16 } },
      "18": { "start": { "line": 42, "column": 2 }, "end": { "line": 42, "column": 14 } },
      "19": { "start": { "line": 11, "column": 0 }, "end": { "line": 11, "column": 16 } },
      "20": { "start": { "line": 46, "column": 21 }, "end": { "line": 46, "column": 66 } },
      "21": { "start": { "line": 48, "column": 2 }, "end": { "line": 52, "column": null } },
      "22": { "start": { "line": 48, "column": 15 }, "end": { "line": 48, "column": 16 } },
      "23": { "start": { "line": 48, "column": 22 }, "end": { "line": 48, "column": 43 } },
      "24": { "start": { "line": 49, "column": 4 }, "end": { "line": 51, "column": null } },
      "25": { "start": { "line": 50, "column": 6 }, "end": { "line": 50, "column": 19 } },
      "26": { "start": { "line": 54, "column": 2 }, "end": { "line": 54, "column": 14 } },
      "27": { "start": { "line": 45, "column": 0 }, "end": { "line": 45, "column": 16 } },
      "28": { "start": { "line": 58, "column": 14 }, "end": { "line": 61, "column": 4 } },
      "29": { "start": { "line": 63, "column": 19 }, "end": { "line": 63, "column": 69 } },
      "30": { "start": { "line": 63, "column": 34 }, "end": { "line": 63, "column": 69 } },
      "31": { "start": { "line": 64, "column": 18 }, "end": { "line": 64, "column": 79 } },
      "32": { "start": { "line": 64, "column": 44 }, "end": { "line": 64, "column": 79 } },
      "33": { "start": { "line": 66, "column": 2 }, "end": { "line": 82, "column": null } },
      "34": { "start": { "line": 67, "column": 16 }, "end": { "line": 67, "column": 28 } },
      "35": { "start": { "line": 68, "column": 18 }, "end": { "line": 68, "column": 32 } },
      "36": { "start": { "line": 70, "column": 4 }, "end": { "line": 81, "column": null } },
      "37": { "start": { "line": 71, "column": 6 }, "end": { "line": 71, "column": 16 } },
      "38": { "start": { "line": 72, "column": 11 }, "end": { "line": 81, "column": null } },
      "39": { "start": { "line": 73, "column": 6 }, "end": { "line": 73, "column": 18 } },
      "40": { "start": { "line": 75, "column": 6 }, "end": { "line": 77, "column": null } },
      "41": { "start": { "line": 76, "column": 8 }, "end": { "line": 76, "column": 21 } },
      "42": { "start": { "line": 79, "column": 6 }, "end": { "line": 79, "column": 16 } },
      "43": { "start": { "line": 80, "column": 6 }, "end": { "line": 80, "column": 18 } },
      "44": { "start": { "line": 84, "column": 2 }, "end": { "line": 84, "column": 14 } },
      "45": { "start": { "line": 57, "column": 0 }, "end": { "line": 57, "column": 16 } }
    },
    "fnMap": {
      "0": {
        "name": "isPalindrome",
        "decl": { "start": { "line": 11, "column": 16 }, "end": { "line": 11, "column": 28 } },
        "loc": { "start": { "line": 11, "column": 40 }, "end": { "line": 43, "column": 1 } }
      },
      "1": {
        "name": "(anonymous_1)",
        "decl": { "start": { "line": 17, "column": 17 }, "end": { "line": 17, "column": 18 } },
        "loc": { "start": { "line": 17, "column": 32 }, "end": { "line": 17, "column": 52 } }
      },
      "2": {
        "name": "(anonymous_2)",
        "decl": { "start": { "line": 18, "column": 18 }, "end": { "line": 18, "column": 19 } },
        "loc": { "start": { "line": 18, "column": 44 }, "end": { "line": 18, "column": 79 } }
      },
      "3": {
        "name": "isPalindrome2",
        "decl": { "start": { "line": 45, "column": 16 }, "end": { "line": 45, "column": 29 } },
        "loc": { "start": { "line": 45, "column": 41 }, "end": { "line": 55, "column": 1 } }
      },
      "4": {
        "name": "isPalindrome3",
        "decl": { "start": { "line": 57, "column": 16 }, "end": { "line": 57, "column": 29 } },
        "loc": { "start": { "line": 57, "column": 41 }, "end": { "line": 85, "column": 1 } }
      },
      "5": {
        "name": "(anonymous_5)",
        "decl": { "start": { "line": 63, "column": 19 }, "end": { "line": 63, "column": 20 } },
        "loc": { "start": { "line": 63, "column": 34 }, "end": { "line": 63, "column": 69 } }
      },
      "6": {
        "name": "(anonymous_6)",
        "decl": { "start": { "line": 64, "column": 18 }, "end": { "line": 64, "column": 19 } },
        "loc": { "start": { "line": 64, "column": 44 }, "end": { "line": 64, "column": 79 } }
      }
    },
    "branchMap": {
      "0": {
        "loc": { "start": { "line": 24, "column": 4 }, "end": { "line": 27, "column": null } },
        "type": "if",
        "locations": [{ "start": { "line": 24, "column": 4 }, "end": { "line": 27, "column": null } }]
      },
      "1": {
        "loc": { "start": { "line": 29, "column": 4 }, "end": { "line": 32, "column": null } },
        "type": "if",
        "locations": [{ "start": { "line": 29, "column": 4 }, "end": { "line": 32, "column": null } }]
      },
      "2": {
        "loc": { "start": { "line": 34, "column": 4 }, "end": { "line": 36, "column": null } },
        "type": "if",
        "locations": [{ "start": { "line": 34, "column": 4 }, "end": { "line": 36, "column": null } }]
      },
      "3": {
        "loc": { "start": { "line": 49, "column": 4 }, "end": { "line": 51, "column": null } },
        "type": "if",
        "locations": [{ "start": { "line": 49, "column": 4 }, "end": { "line": 51, "column": null } }]
      },
      "4": {
        "loc": { "start": { "line": 70, "column": 4 }, "end": { "line": 81, "column": null } },
        "type": "if",
        "locations": [
          { "start": { "line": 70, "column": 4 }, "end": { "line": 81, "column": null } },
          { "start": { "line": 72, "column": 11 }, "end": { "line": 81, "column": null } }
        ]
      },
      "5": {
        "loc": { "start": { "line": 72, "column": 11 }, "end": { "line": 81, "column": null } },
        "type": "if",
        "locations": [
          { "start": { "line": 72, "column": 11 }, "end": { "line": 81, "column": null } },
          { "start": { "line": 74, "column": 11 }, "end": { "line": 81, "column": null } }
        ]
      },
      "6": {
        "loc": { "start": { "line": 75, "column": 6 }, "end": { "line": 77, "column": null } },
        "type": "if",
        "locations": [{ "start": { "line": 75, "column": 6 }, "end": { "line": 77, "column": null } }]
      }
    },
    "s": {
      "0": 8,
      "1": 8,
      "2": 73,
      "3": 8,
      "4": 27,
      "5": 8,
      "6": 40,
      "7": 40,
      "8": 40,
      "9": 7,
      "10": 7,
      "11": 33,
      "12": 6,
      "13": 6,
      "14": 27,
      "15": 4,
      "16": 23,
      "17": 23,
      "18": 4,
      "19": 1,
      "20": 8,
      "21": 8,
      "22": 8,
      "23": 8,
      "24": 31,
      "25": 4,
      "26": 4,
      "27": 1,
      "28": 8,
      "29": 8,
      "30": 73,
      "31": 8,
      "32": 27,
      "33": 8,
      "34": 40,
      "35": 40,
      "36": 40,
      "37": 7,
      "38": 33,
      "39": 6,
      "40": 27,
      "41": 4,
      "42": 23,
      "43": 23,
      "44": 4,
      "45": 1
    },
    "f": { "0": 8, "1": 73, "2": 27, "3": 8, "4": 8, "5": 73, "6": 27 },
    "b": { "0": [7], "1": [6], "2": [4], "3": [4], "4": [7, 33], "5": [6, 27], "6": [4] }
  },
  "/Users/roschoupkin-d/Work/interviews/puzzles/listPowTwo/listPowTwo.ts": {
    "path": "/Users/roschoupkin-d/Work/interviews/puzzles/listPowTwo/listPowTwo.ts",
    "statementMap": {
      "0": { "start": { "line": 12, "column": 2 }, "end": { "line": 12, "column": 63 } },
      "1": { "start": { "line": 12, "column": 25 }, "end": { "line": 12, "column": 39 } },
      "2": { "start": { "line": 12, "column": 56 }, "end": { "line": 12, "column": 61 } },
      "3": { "start": { "line": 11, "column": 0 }, "end": { "line": 11, "column": 16 } },
      "4": { "start": { "line": 16, "column": 15 }, "end": { "line": 16, "column": 16 } },
      "5": { "start": { "line": 17, "column": 15 }, "end": { "line": 17, "column": 30 } },
      "6": { "start": { "line": 19, "column": 27 }, "end": { "line": 19, "column": 29 } },
      "7": { "start": { "line": 21, "column": 2 }, "end": { "line": 32, "column": null } },
      "8": { "start": { "line": 22, "column": 17 }, "end": { "line": 22, "column": 42 } },
      "9": { "start": { "line": 23, "column": 18 }, "end": { "line": 23, "column": 43 } },
      "10": { "start": { "line": 25, "column": 4 }, "end": { "line": 31, "column": null } },
      "11": { "start": { "line": 26, "column": 6 }, "end": { "line": 26, "column": 25 } },
      "12": { "start": { "line": 27, "column": 6 }, "end": { "line": 27, "column": 15 } },
      "13": { "start": { "line": 29, "column": 6 }, "end": { "line": 29, "column": 24 } },
      "14": { "start": { "line": 30, "column": 6 }, "end": { "line": 30, "column": 15 } },
      "15": { "start": { "line": 34, "column": 2 }, "end": { "line": 34, "column": 26 } },
      "16": { "start": { "line": 15, "column": 0 }, "end": { "line": 15, "column": 16 } },
      "17": { "start": { "line": 38, "column": 15 }, "end": { "line": 38, "column": 16 } },
      "18": { "start": { "line": 39, "column": 15 }, "end": { "line": 39, "column": 30 } },
      "19": { "start": { "line": 41, "column": 14 }, "end": { "line": 41, "column": 29 } },
      "20": { "start": { "line": 43, "column": 27 }, "end": { "line": 43, "column": 57 } },
      "21": { "start": { "line": 45, "column": 2 }, "end": { "line": 57, "column": null } },
      "22": { "start": { "line": 46, "column": 17 }, "end": { "line": 46, "column": 42 } },
      "23": { "start": { "line": 47, "column": 18 }, "end": { "line": 47, "column": 43 } },
      "24": { "start": { "line": 49, "column": 4 }, "end": { "line": 55, "column": null } },
      "25": { "start": { "line": 50, "column": 6 }, "end": { "line": 50, "column": 28 } },
      "26": { "start": { "line": 51, "column": 6 }, "end": { "line": 51, "column": 15 } },
      "27": { "start": { "line": 53, "column": 6 }, "end": { "line": 53, "column": 27 } },
      "28": { "start": { "line": 54, "column": 6 }, "end": { "line": 54, "column": 15 } },
      "29": { "start": { "line": 56, "column": 4 }, "end": { "line": 56, "column": 12 } },
      "30": { "start": { "line": 59, "column": 2 }, "end": { "line": 59, "column": 16 } },
      "31": { "start": { "line": 37, "column": 0 }, "end": { "line": 37, "column": 16 } }
    },
    "fnMap": {
      "0": {
        "name": "listPowTwo1",
        "decl": { "start": { "line": 11, "column": 16 }, "end": { "line": 11, "column": 27 } },
        "loc": { "start": { "line": 11, "column": 42 }, "end": { "line": 13, "column": 1 } }
      },
      "1": {
        "name": "(anonymous_1)",
        "decl": { "start": { "line": 12, "column": 18 }, "end": { "line": 12, "column": 19 } },
        "loc": { "start": { "line": 12, "column": 25 }, "end": { "line": 12, "column": 39 } }
      },
      "2": {
        "name": "(anonymous_2)",
        "decl": { "start": { "line": 12, "column": 46 }, "end": { "line": 12, "column": 47 } },
        "loc": { "start": { "line": 12, "column": 56 }, "end": { "line": 12, "column": 61 } }
      },
      "3": {
        "name": "listPowTwo2",
        "decl": { "start": { "line": 15, "column": 16 }, "end": { "line": 15, "column": 27 } },
        "loc": { "start": { "line": 15, "column": 42 }, "end": { "line": 35, "column": 1 } }
      },
      "4": {
        "name": "listPowTwo3",
        "decl": { "start": { "line": 37, "column": 16 }, "end": { "line": 37, "column": 27 } },
        "loc": { "start": { "line": 37, "column": 42 }, "end": { "line": 60, "column": 1 } }
      }
    },
    "branchMap": {
      "0": {
        "loc": { "start": { "line": 25, "column": 4 }, "end": { "line": 31, "column": null } },
        "type": "if",
        "locations": [
          { "start": { "line": 25, "column": 4 }, "end": { "line": 31, "column": null } },
          { "start": { "line": 28, "column": 11 }, "end": { "line": 31, "column": null } }
        ]
      },
      "1": {
        "loc": { "start": { "line": 49, "column": 4 }, "end": { "line": 55, "column": null } },
        "type": "if",
        "locations": [
          { "start": { "line": 49, "column": 4 }, "end": { "line": 55, "column": null } },
          { "start": { "line": 52, "column": 11 }, "end": { "line": 55, "column": null } }
        ]
      }
    },
    "s": {
      "0": 4,
      "1": 21,
      "2": 30,
      "3": 1,
      "4": 4,
      "5": 4,
      "6": 4,
      "7": 4,
      "8": 21,
      "9": 21,
      "10": 21,
      "11": 11,
      "12": 11,
      "13": 10,
      "14": 10,
      "15": 4,
      "16": 1,
      "17": 4,
      "18": 4,
      "19": 4,
      "20": 4,
      "21": 4,
      "22": 21,
      "23": 21,
      "24": 21,
      "25": 11,
      "26": 11,
      "27": 10,
      "28": 10,
      "29": 21,
      "30": 4,
      "31": 1
    },
    "f": { "0": 4, "1": 21, "2": 30, "3": 4, "4": 4 },
    "b": { "0": [11, 10], "1": [11, 10] }
  },
  "/Users/roschoupkin-d/Work/interviews/puzzles/longestSubString/longestSubString.ts": {
    "path": "/Users/roschoupkin-d/Work/interviews/puzzles/longestSubString/longestSubString.ts",
    "statementMap": {
      "0": { "start": { "line": 8, "column": 16 }, "end": { "line": 8, "column": 17 } },
      "1": { "start": { "line": 9, "column": 18 }, "end": { "line": 9, "column": 20 } },
      "2": { "start": { "line": 11, "column": 2 }, "end": { "line": 18, "column": null } },
      "3": { "start": { "line": 12, "column": 4 }, "end": { "line": 16, "column": null } },
      "4": { "start": { "line": 13, "column": 6 }, "end": { "line": 13, "column": 24 } },
      "5": { "start": { "line": 15, "column": 6 }, "end": { "line": 15, "column": 70 } },
      "6": { "start": { "line": 17, "column": 4 }, "end": { "line": 17, "column": 50 } },
      "7": { "start": { "line": 20, "column": 2 }, "end": { "line": 20, "column": 17 } },
      "8": { "start": { "line": 7, "column": 0 }, "end": { "line": 7, "column": 16 } },
      "9": { "start": { "line": 24, "column": 16 }, "end": { "line": 24, "column": 17 } },
      "10": { "start": { "line": 25, "column": 26 }, "end": { "line": 25, "column": 28 } },
      "11": { "start": { "line": 27, "column": 2 }, "end": { "line": 36, "column": null } },
      "12": { "start": { "line": 27, "column": 15 }, "end": { "line": 27, "column": 16 } },
      "13": { "start": { "line": 28, "column": 17 }, "end": { "line": 28, "column": 25 } },
      "14": { "start": { "line": 29, "column": 17 }, "end": { "line": 29, "column": 36 } },
      "15": { "start": { "line": 31, "column": 4 }, "end": { "line": 33, "column": null } },
      "16": { "start": { "line": 32, "column": 6 }, "end": { "line": 32, "column": 32 } },
      "17": { "start": { "line": 35, "column": 4 }, "end": { "line": 35, "column": 50 } },
      "18": { "start": { "line": 38, "column": 2 }, "end": { "line": 38, "column": 17 } },
      "19": { "start": { "line": 23, "column": 0 }, "end": { "line": 23, "column": 16 } }
    },
    "fnMap": {
      "0": {
        "name": "longestSubString",
        "decl": { "start": { "line": 7, "column": 16 }, "end": { "line": 7, "column": 32 } },
        "loc": { "start": { "line": 7, "column": 44 }, "end": { "line": 21, "column": 1 } }
      },
      "1": {
        "name": "longestSubString2",
        "decl": { "start": { "line": 23, "column": 16 }, "end": { "line": 23, "column": 33 } },
        "loc": { "start": { "line": 23, "column": 47 }, "end": { "line": 39, "column": 1 } }
      }
    },
    "branchMap": {
      "0": {
        "loc": { "start": { "line": 12, "column": 4 }, "end": { "line": 16, "column": null } },
        "type": "if",
        "locations": [
          { "start": { "line": 12, "column": 4 }, "end": { "line": 16, "column": null } },
          { "start": { "line": 14, "column": 11 }, "end": { "line": 16, "column": null } }
        ]
      },
      "1": {
        "loc": { "start": { "line": 31, "column": 4 }, "end": { "line": 33, "column": null } },
        "type": "if",
        "locations": [{ "start": { "line": 31, "column": 4 }, "end": { "line": 33, "column": null } }]
      }
    },
    "s": {
      "0": 4,
      "1": 4,
      "2": 4,
      "3": 34,
      "4": 22,
      "5": 12,
      "6": 34,
      "7": 4,
      "8": 1,
      "9": 4,
      "10": 4,
      "11": 4,
      "12": 4,
      "13": 34,
      "14": 34,
      "15": 34,
      "16": 12,
      "17": 34,
      "18": 4,
      "19": 1
    },
    "f": { "0": 4, "1": 4 },
    "b": { "0": [22, 12], "1": [12] }
  },
  "/Users/roschoupkin-d/Work/interviews/puzzles/strCount/strCount.ts": {
    "path": "/Users/roschoupkin-d/Work/interviews/puzzles/strCount/strCount.ts",
    "statementMap": {
      "0": { "start": { "line": 12, "column": 2 }, "end": { "line": 12, "column": 59 } },
      "1": { "start": { "line": 11, "column": 0 }, "end": { "line": 11, "column": 16 } },
      "2": { "start": { "line": 16, "column": 2 }, "end": { "line": 16, "column": 38 } },
      "3": { "start": { "line": 15, "column": 0 }, "end": { "line": 15, "column": 16 } }
    },
    "fnMap": {
      "0": {
        "name": "strCountByRegExp",
        "decl": { "start": { "line": 11, "column": 16 }, "end": { "line": 11, "column": 32 } },
        "loc": { "start": { "line": 11, "column": 60 }, "end": { "line": 13, "column": 1 } }
      },
      "1": {
        "name": "strCountFast",
        "decl": { "start": { "line": 15, "column": 16 }, "end": { "line": 15, "column": 28 } },
        "loc": { "start": { "line": 15, "column": 56 }, "end": { "line": 17, "column": 1 } }
      }
    },
    "branchMap": {
      "0": {
        "loc": { "start": { "line": 12, "column": 10 }, "end": { "line": 12, "column": 50 } },
        "type": "cond-expr",
        "locations": [
          { "start": { "line": 12, "column": 44 }, "end": { "line": 12, "column": 48 } },
          { "start": { "line": 12, "column": 48 }, "end": { "line": 12, "column": 50 } }
        ]
      },
      "1": {
        "loc": { "start": { "line": 12, "column": 10 }, "end": { "line": 12, "column": 48 } },
        "type": "binary-expr",
        "locations": [
          { "start": { "line": 12, "column": 10 }, "end": { "line": 12, "column": 48 } },
          { "start": { "line": 12, "column": 44 }, "end": { "line": 12, "column": 48 } }
        ]
      }
    },
    "s": { "0": 5, "1": 1, "2": 5, "3": 1 },
    "f": { "0": 5, "1": 5 },
    "b": { "0": [4, 1], "1": [5, 4] }
  },
  "/Users/roschoupkin-d/Work/interviews/puzzles/sumOfNumEqualK/sumOfNumEqualK.ts": {
    "path": "/Users/roschoupkin-d/Work/interviews/puzzles/sumOfNumEqualK/sumOfNumEqualK.ts",
    "statementMap": {
      "0": { "start": { "line": 13, "column": 2 }, "end": { "line": 19, "column": null } },
      "1": { "start": { "line": 13, "column": 15 }, "end": { "line": 13, "column": 16 } },
      "2": { "start": { "line": 14, "column": 4 }, "end": { "line": 18, "column": null } },
      "3": { "start": { "line": 14, "column": 17 }, "end": { "line": 14, "column": 22 } },
      "4": { "start": { "line": 15, "column": 6 }, "end": { "line": 17, "column": null } },
      "5": { "start": { "line": 16, "column": 8 }, "end": { "line": 16, "column": 34 } },
      "6": { "start": { "line": 20, "column": 2 }, "end": { "line": 20, "column": 12 } },
      "7": { "start": { "line": 12, "column": 0 }, "end": { "line": 12, "column": 16 } },
      "8": { "start": { "line": 25, "column": 14 }, "end": { "line": 25, "column": 31 } },
      "9": { "start": { "line": 26, "column": 2 }, "end": { "line": 32, "column": null } },
      "10": { "start": { "line": 27, "column": 25 }, "end": { "line": 27, "column": 32 } },
      "11": { "start": { "line": 28, "column": 4 }, "end": { "line": 30, "column": null } },
      "12": { "start": { "line": 29, "column": 6 }, "end": { "line": 29, "column": 33 } },
      "13": { "start": { "line": 31, "column": 4 }, "end": { "line": 31, "column": 17 } },
      "14": { "start": { "line": 33, "column": 2 }, "end": { "line": 33, "column": 12 } },
      "15": { "start": { "line": 24, "column": 0 }, "end": { "line": 24, "column": 16 } },
      "16": { "start": { "line": 38, "column": 2 }, "end": { "line": 53, "column": null } },
      "17": { "start": { "line": 38, "column": 15 }, "end": { "line": 38, "column": 16 } },
      "18": { "start": { "line": 39, "column": 25 }, "end": { "line": 39, "column": 36 } },
      "19": { "start": { "line": 40, "column": 12 }, "end": { "line": 40, "column": 17 } },
      "20": { "start": { "line": 41, "column": 10 }, "end": { "line": 41, "column": 25 } },
      "21": { "start": { "line": 42, "column": 4 }, "end": { "line": 52, "column": null } },
      "22": { "start": { "line": 43, "column": 18 }, "end": { "line": 43, "column": 45 } },
      "23": { "start": { "line": 44, "column": 6 }, "end": { "line": 46, "column": null } },
      "24": { "start": { "line": 45, "column": 8 }, "end": { "line": 45, "column": 36 } },
      "25": { "start": { "line": 47, "column": 6 }, "end": { "line": 51, "column": null } },
      "26": { "start": { "line": 48, "column": 8 }, "end": { "line": 48, "column": 20 } },
      "27": { "start": { "line": 50, "column": 8 }, "end": { "line": 50, "column": 20 } },
      "28": { "start": { "line": 54, "column": 2 }, "end": { "line": 54, "column": 12 } },
      "29": { "start": { "line": 37, "column": 0 }, "end": { "line": 37, "column": 16 } },
      "30": { "start": { "line": 59, "column": 10 }, "end": { "line": 59, "column": 11 } },
      "31": { "start": { "line": 60, "column": 8 }, "end": { "line": 60, "column": 23 } },
      "32": { "start": { "line": 61, "column": 2 }, "end": { "line": 71, "column": null } },
      "33": { "start": { "line": 62, "column": 16 }, "end": { "line": 62, "column": 33 } },
      "34": { "start": { "line": 63, "column": 4 }, "end": { "line": 65, "column": null } },
      "35": { "start": { "line": 64, "column": 6 }, "end": { "line": 64, "column": 32 } },
      "36": { "start": { "line": 66, "column": 4 }, "end": { "line": 70, "column": null } },
      "37": { "start": { "line": 67, "column": 6 }, "end": { "line": 67, "column": 10 } },
      "38": { "start": { "line": 69, "column": 6 }, "end": { "line": 69, "column": 10 } },
      "39": { "start": { "line": 72, "column": 2 }, "end": { "line": 72, "column": 12 } },
      "40": { "start": { "line": 58, "column": 0 }, "end": { "line": 58, "column": 16 } }
    },
    "fnMap": {
      "0": {
        "name": "sumOfNumEqualK1",
        "decl": { "start": { "line": 12, "column": 16 }, "end": { "line": 12, "column": 31 } },
        "loc": { "start": { "line": 12, "column": 57 }, "end": { "line": 21, "column": 1 } }
      },
      "1": {
        "name": "sumOfNumEqualK2",
        "decl": { "start": { "line": 24, "column": 16 }, "end": { "line": 24, "column": 31 } },
        "loc": { "start": { "line": 24, "column": 57 }, "end": { "line": 34, "column": 1 } }
      },
      "2": {
        "name": "sumOfNumEqualK3",
        "decl": { "start": { "line": 37, "column": 16 }, "end": { "line": 37, "column": 31 } },
        "loc": { "start": { "line": 37, "column": 57 }, "end": { "line": 55, "column": 1 } }
      },
      "3": {
        "name": "sumOfNumEqualK4",
        "decl": { "start": { "line": 58, "column": 16 }, "end": { "line": 58, "column": 31 } },
        "loc": { "start": { "line": 58, "column": 57 }, "end": { "line": 73, "column": 1 } }
      }
    },
    "branchMap": {
      "0": {
        "loc": { "start": { "line": 15, "column": 6 }, "end": { "line": 17, "column": null } },
        "type": "if",
        "locations": [{ "start": { "line": 15, "column": 6 }, "end": { "line": 17, "column": null } }]
      },
      "1": {
        "loc": { "start": { "line": 28, "column": 4 }, "end": { "line": 30, "column": null } },
        "type": "if",
        "locations": [{ "start": { "line": 28, "column": 4 }, "end": { "line": 30, "column": null } }]
      },
      "2": {
        "loc": { "start": { "line": 44, "column": 6 }, "end": { "line": 46, "column": null } },
        "type": "if",
        "locations": [{ "start": { "line": 44, "column": 6 }, "end": { "line": 46, "column": null } }]
      },
      "3": {
        "loc": { "start": { "line": 47, "column": 6 }, "end": { "line": 51, "column": null } },
        "type": "if",
        "locations": [
          { "start": { "line": 47, "column": 6 }, "end": { "line": 51, "column": null } },
          { "start": { "line": 49, "column": 13 }, "end": { "line": 51, "column": null } }
        ]
      },
      "4": {
        "loc": { "start": { "line": 63, "column": 4 }, "end": { "line": 65, "column": null } },
        "type": "if",
        "locations": [{ "start": { "line": 63, "column": 4 }, "end": { "line": 65, "column": null } }]
      },
      "5": {
        "loc": { "start": { "line": 66, "column": 4 }, "end": { "line": 70, "column": null } },
        "type": "if",
        "locations": [
          { "start": { "line": 66, "column": 4 }, "end": { "line": 70, "column": null } },
          { "start": { "line": 68, "column": 11 }, "end": { "line": 70, "column": null } }
        ]
      }
    },
    "s": {
      "0": 4,
      "1": 4,
      "2": 9,
      "3": 9,
      "4": 19,
      "5": 3,
      "6": 1,
      "7": 1,
      "8": 4,
      "9": 4,
      "10": 15,
      "11": 15,
      "12": 3,
      "13": 12,
      "14": 1,
      "15": 1,
      "16": 4,
      "17": 4,
      "18": 9,
      "19": 9,
      "20": 9,
      "21": 9,
      "22": 15,
      "23": 15,
      "24": 3,
      "25": 12,
      "26": 1,
      "27": 11,
      "28": 1,
      "29": 1,
      "30": 4,
      "31": 4,
      "32": 4,
      "33": 9,
      "34": 9,
      "35": 3,
      "36": 6,
      "37": 4,
      "38": 2,
      "39": 1,
      "40": 1
    },
    "f": { "0": 4, "1": 4, "2": 4, "3": 4 },
    "b": { "0": [3], "1": [3], "2": [3], "3": [1, 11], "4": [3], "5": [4, 2] }
  },
  "/Users/roschoupkin-d/Work/interviews/puzzles/sumOfTwo/sumOfTwo.ts": {
    "path": "/Users/roschoupkin-d/Work/interviews/puzzles/sumOfTwo/sumOfTwo.ts",
    "statementMap": {
      "0": { "start": { "line": 5, "column": 40 }, "end": { "line": 5, "column": 42 } },
      "1": { "start": { "line": 7, "column": 2 }, "end": { "line": 15, "column": null } },
      "2": { "start": { "line": 7, "column": 15 }, "end": { "line": 7, "column": 16 } },
      "3": { "start": { "line": 8, "column": 17 }, "end": { "line": 8, "column": 33 } },
      "4": { "start": { "line": 10, "column": 4 }, "end": { "line": 12, "column": null } },
      "5": { "start": { "line": 11, "column": 6 }, "end": { "line": 11, "column": 30 } },
      "6": { "start": { "line": 14, "column": 4 }, "end": { "line": 14, "column": 23 } },
      "7": { "start": { "line": 17, "column": 2 }, "end": { "line": 17, "column": 16 } },
      "8": { "start": { "line": 4, "column": 0 }, "end": { "line": 4, "column": 16 } }
    },
    "fnMap": {
      "0": {
        "name": "sumOfTwo",
        "decl": { "start": { "line": 4, "column": 16 }, "end": { "line": 4, "column": 24 } },
        "loc": { "start": { "line": 4, "column": 55 }, "end": { "line": 18, "column": 1 } }
      }
    },
    "branchMap": {
      "0": {
        "loc": { "start": { "line": 10, "column": 4 }, "end": { "line": 12, "column": null } },
        "type": "if",
        "locations": [{ "start": { "line": 10, "column": 4 }, "end": { "line": 12, "column": null } }]
      }
    },
    "s": { "0": 3, "1": 3, "2": 3, "3": 7, "4": 7, "5": 3, "6": 4, "7": 0, "8": 1 },
    "f": { "0": 3 },
    "b": { "0": [3] }
  },
  "/Users/roschoupkin-d/Work/interviews/puzzles/valueOfSum/valueOfSum.ts": {
    "path": "/Users/roschoupkin-d/Work/interviews/puzzles/valueOfSum/valueOfSum.ts",
    "statementMap": {
      "0": { "start": { "line": 13, "column": 17 }, "end": { "line": 13, "column": 95 } },
      "1": { "start": { "line": 13, "column": 49 }, "end": { "line": 13, "column": 95 } },
      "2": { "start": { "line": 13, "column": 86 }, "end": { "line": 13, "column": 91 } },
      "3": { "start": { "line": 15, "column": 14 }, "end": { "line": 15, "column": 29 } },
      "4": { "start": { "line": 18, "column": 4 }, "end": { "line": 18, "column": 28 } },
      "5": { "start": { "line": 19, "column": 4 }, "end": { "line": 19, "column": 16 } },
      "6": { "start": { "line": 22, "column": 2 }, "end": { "line": 24, "column": 4 } },
      "7": { "start": { "line": 23, "column": 4 }, "end": { "line": 23, "column": 17 } },
      "8": { "start": { "line": 26, "column": 2 }, "end": { "line": 26, "column": 14 } },
      "9": { "start": { "line": 12, "column": 0 }, "end": { "line": 12, "column": 16 } }
    },
    "fnMap": {
      "0": {
        "name": "sum",
        "decl": { "start": { "line": 12, "column": 16 }, "end": { "line": 12, "column": 19 } },
        "loc": { "start": { "line": 12, "column": 40 }, "end": { "line": 27, "column": 1 } }
      },
      "1": {
        "name": "(anonymous_1)",
        "decl": { "start": { "line": 13, "column": 17 }, "end": { "line": 13, "column": 18 } },
        "loc": { "start": { "line": 13, "column": 49 }, "end": { "line": 13, "column": 95 } }
      },
      "2": {
        "name": "(anonymous_2)",
        "decl": { "start": { "line": 13, "column": 76 }, "end": { "line": 13, "column": 77 } },
        "loc": { "start": { "line": 13, "column": 86 }, "end": { "line": 13, "column": 91 } }
      },
      "3": {
        "name": "func",
        "decl": { "start": { "line": 17, "column": 11 }, "end": { "line": 17, "column": 15 } },
        "loc": { "start": { "line": 17, "column": 35 }, "end": { "line": 20, "column": 3 } }
      },
      "4": {
        "name": "(anonymous_4)",
        "decl": { "start": { "line": 22, "column": 17 }, "end": { "line": 22, "column": null } },
        "loc": { "start": { "line": 22, "column": 17 }, "end": { "line": 24, "column": 3 } }
      }
    },
    "branchMap": {},
    "s": { "0": 4, "1": 24, "2": 30, "3": 4, "4": 20, "5": 20, "6": 4, "7": 4, "8": 4, "9": 1 },
    "f": { "0": 4, "1": 24, "2": 30, "3": 20, "4": 4 },
    "b": {}
  }
}
