TN:
SF:codewars/directionReduction/directionReduction.ts
FN:22,(anonymous_0)
FN:36,dirReduction
FN:38,(anonymous_2)
FN:46,dirReduction2
FN:47,(anonymous_4)
FN:57,dirReduction3
FN:58,(anonymous_6)
FNF:7
FNH:7
FNDA:1,(anonymous_0)
FNDA:3,dirReduction
FNDA:10,(anonymous_2)
FNDA:3,dirReduction2
FNDA:17,(anonymous_4)
FNDA:3,dirReduction3
FNDA:17,(anonymous_6)
DA:22,1
DA:23,1
DA:24,1
DA:25,1
DA:26,1
DA:29,1
DA:36,1
DA:37,3
DA:38,10
DA:39,3
DA:40,3
DA:41,3
DA:43,3
DA:46,1
DA:47,3
DA:48,17
DA:49,6
DA:51,11
DA:53,17
DA:57,1
DA:58,3
DA:59,17
DA:60,6
DA:62,11
DA:64,17
LF:25
LH:25
BRDA:22,0,0,1
BRDA:22,0,1,1
BRDA:48,1,0,6
BRDA:48,1,1,11
BRDA:59,2,0,6
BRDA:59,2,1,11
BRF:6
BRH:6
end_of_record
TN:
SF:codewars/movingZerosToEnd/movingZerosToEnd.ts
FN:6,(anonymous_0)
FN:7,(anonymous_1)
FN:11,(anonymous_2)
FN:12,(anonymous_3)
FN:12,(anonymous_4)
FNF:5
FNH:5
FNDA:3,(anonymous_0)
FNDA:27,(anonymous_1)
FNDA:3,(anonymous_2)
FNDA:27,(anonymous_3)
FNDA:27,(anonymous_4)
DA:6,1
DA:7,27
DA:8,3
DA:11,1
DA:12,27
DA:15,1
DA:16,1
LF:7
LH:7
BRF:0
BRH:0
end_of_record
TN:
SF:codewars/recoverSecret/recoverSecret.ts
FN:8,(anonymous_0)
FN:10,(anonymous_1)
FN:12,(anonymous_2)
FN:14,(anonymous_3)
FNF:4
FNH:4
FNDA:1,(anonymous_0)
FNDA:35,(anonymous_1)
FNDA:157,(anonymous_2)
FNDA:112,(anonymous_3)
DA:8,1
DA:9,1
DA:10,35
DA:11,4
DA:12,157
DA:13,16
DA:14,112
DA:15,62
DA:20,1
LF:9
LH:9
BRDA:12,0,0,16
BRF:1
BRH:1
end_of_record
TN:
SF:puzzles/atm/atm.ts
FN:18,atm
FNF:1
FNH:1
FNDA:7,atm
DA:18,1
DA:19,7
DA:20,1
DA:23,6
DA:25,6
DA:26,28
DA:28,28
DA:29,13
DA:30,13
DA:33,28
DA:34,4
DA:38,6
DA:39,2
DA:42,4
DA:43,20
DA:46,4
LF:16
LH:16
BRDA:19,0,0,1
BRDA:28,1,0,13
BRDA:33,2,0,4
BRDA:38,3,0,2
BRDA:43,4,0,9
BRDA:43,4,1,11
BRDA:43,5,0,20
BRDA:43,5,1,20
BRF:8
BRH:8
end_of_record
TN:
SF:puzzles/bind/bind.ts
FN:5,bindApply
FN:9,(anonymous_1)
FN:12,bindSymbol
FNF:3
FNH:2
FNDA:1,bindApply
FNDA:1,(anonymous_1)
FNDA:0,bindSymbol
DA:5,1
DA:9,1
DA:12,1
DA:16,0
DA:17,0
LF:5
LH:3
BRF:0
BRH:0
end_of_record
TN:
SF:puzzles/centuryFromYear/centuryFromYear.ts
FN:7,centuryFromYear
FNF:1
FNH:1
FNDA:4,centuryFromYear
DA:7,1
DA:8,4
LF:2
LH:2
BRF:0
BRH:0
end_of_record
TN:
SF:puzzles/compressList/compressList.ts
FN:6,compressList
FN:11,(anonymous_1)
FN:38,compressList2
FN:41,(anonymous_3)
FNF:4
FNH:4
FNDA:6,compressList
FNDA:27,(anonymous_1)
FNDA:6,compressList2
FNDA:27,(anonymous_3)
DA:6,1
DA:7,6
DA:8,1
DA:11,27
DA:13,5
DA:14,5
DA:16,5
DA:17,18
DA:18,18
DA:20,18
DA:21,10
DA:22,10
DA:25,8
DA:26,4
DA:27,4
DA:30,8
DA:31,3
DA:35,5
DA:38,1
DA:39,6
DA:41,27
DA:43,6
DA:44,8
DA:46,8
DA:47,10
DA:50,8
DA:51,4
DA:53,4
DA:57,6
LF:29
LH:29
BRDA:7,0,0,1
BRDA:20,1,0,10
BRDA:20,2,0,18
BRDA:20,2,1,13
BRDA:25,3,0,4
BRDA:30,4,0,3
BRDA:46,5,0,18
BRDA:46,5,1,13
BRDA:50,6,0,4
BRDA:50,6,1,4
BRF:10
BRH:10
end_of_record
TN:
SF:puzzles/correctBracket/correctBracket.ts
FN:15,isClosedBracket
FN:19,isOpenedBracket
FN:23,isValid
FNF:3
FNH:3
FNDA:54,isClosedBracket
FNDA:34,isOpenedBracket
FNDA:9,isValid
DA:9,1
DA:16,54
DA:20,34
DA:23,1
DA:24,9
DA:25,9
DA:26,54
DA:27,20
DA:28,3
DA:30,34
DA:31,23
DA:34,6
LF:12
LH:12
BRDA:26,0,0,20
BRDA:26,0,1,34
BRDA:27,1,0,3
BRDA:30,2,0,23
BRF:4
BRH:4
end_of_record
TN:
SF:puzzles/countChars/countChars.ts
FN:11,counter
FN:15,(anonymous_1)
FN:18,counter2
FN:42,counter3
FNF:4
FNH:4
FNDA:2,counter
FNDA:8,(anonymous_1)
FNDA:2,counter2
FNDA:2,counter3
DA:11,1
DA:12,2
DA:13,1
DA:15,8
DA:18,1
DA:19,2
DA:20,1
DA:23,1
DA:25,1
DA:26,57
DA:28,57
DA:29,46
DA:31,11
DA:32,11
DA:34,11
DA:35,11
DA:39,1
DA:42,1
DA:43,2
DA:44,1
DA:47,1
DA:48,1
DA:49,1
DA:51,1
DA:52,11
DA:53,45
DA:54,45
DA:57,11
DA:58,11
DA:59,11
DA:62,1
LF:31
LH:31
BRDA:12,0,0,1
BRDA:19,1,0,1
BRDA:28,2,0,46
BRDA:28,2,1,11
BRDA:31,3,0,3
BRDA:31,3,1,8
BRDA:43,4,0,1
BRDA:57,5,0,8
BRDA:57,5,1,3
BRF:9
BRH:9
end_of_record
TN:
SF:puzzles/detourRooms/detourRooms.ts
FN:13,detourRooms1
FN:14,(anonymous_1)
FN:39,detourRooms2
FNF:3
FNH:3
FNDA:5,detourRooms1
FNDA:19,(anonymous_1)
FNDA:5,detourRooms2
DA:13,1
DA:14,5
DA:15,19
DA:18,5
DA:20,5
DA:22,5
DA:23,11
DA:25,11
DA:26,11
DA:27,11
DA:28,11
DA:31,11
DA:32,3
DA:36,5
DA:39,1
DA:40,5
DA:41,5
DA:43,5
DA:44,11
DA:46,11
DA:47,11
DA:48,0
DA:51,11
DA:52,11
DA:53,11
DA:56,11
DA:57,3
DA:61,5
LF:28
LH:27
BRDA:18,0,0,5
BRDA:18,0,1,0
BRDA:18,1,0,5
BRDA:18,1,1,5
BRDA:25,2,0,11
BRDA:26,3,0,11
BRDA:26,3,1,0
BRDA:26,4,0,11
BRDA:26,4,1,11
BRDA:31,5,0,3
BRDA:40,6,0,5
BRDA:40,6,1,0
BRDA:40,7,0,5
BRDA:40,7,1,5
BRDA:46,8,0,11
BRDA:47,9,0,0
BRDA:52,10,0,11
BRDA:52,10,1,0
BRDA:52,11,0,11
BRDA:52,11,1,11
BRDA:56,12,0,3
BRF:21
BRH:16
end_of_record
TN:
SF:puzzles/fibonacci/fibonacci.ts
FN:7,fibonacci
FN:14,fibonacci2
FNF:2
FNH:2
FNDA:222,fibonacci
FNDA:2,fibonacci2
DA:7,1
DA:8,222
DA:9,116
DA:11,106
DA:14,1
DA:15,2
DA:17,2
DA:18,11
DA:21,2
LF:9
LH:9
BRDA:8,0,0,116
BRF:1
BRH:1
end_of_record
TN:
SF:puzzles/findEqualElements/findEqualElements.ts
FN:8,findEqualElements
FNF:1
FNH:1
FNDA:3,findEqualElements
DA:8,1
DA:9,3
DA:10,3
DA:12,3
DA:13,9
DA:14,3
DA:15,6
DA:16,2
DA:18,4
DA:19,4
DA:20,4
DA:24,3
LF:12
LH:12
BRDA:12,0,0,12
BRDA:12,0,1,11
BRDA:13,1,0,3
BRDA:13,1,1,6
BRDA:15,2,0,2
BRDA:15,2,1,4
BRF:6
BRH:6
end_of_record
TN:
SF:puzzles/flatten/flatten.ts
FN:9,flatten
FN:27,flatten2
FN:28,(anonymous_2)
FNF:3
FNH:3
FNDA:7,flatten
FNDA:3,flatten2
FNDA:10,(anonymous_2)
DA:9,1
DA:10,7
DA:11,7
DA:13,7
DA:14,41
DA:15,41
DA:16,15
DA:17,34
DA:20,26
DA:24,7
DA:27,1
DA:28,3
DA:29,10
LF:13
LH:13
BRDA:15,0,0,15
BRDA:15,0,1,26
BRDA:29,1,0,4
BRDA:29,1,1,6
BRF:4
BRH:4
end_of_record
TN:
SF:puzzles/fuzzysearch/fuzzysearch.ts
FN:8,fuzzysearch
FN:25,fuzzysearch2
FN:39,fuzzysearch3
FN:42,(anonymous_3)
FNF:4
FNH:4
FNDA:6,fuzzysearch
FNDA:6,fuzzysearch2
FNDA:6,fuzzysearch3
FNDA:53,(anonymous_3)
DA:8,1
DA:9,6
DA:10,2
DA:13,4
DA:15,4
DA:16,17
DA:17,17
DA:18,2
DA:22,2
DA:25,1
DA:26,6
DA:27,29
DA:28,29
DA:29,47
DA:30,27
DA:33,2
DA:36,4
DA:39,1
DA:40,6
DA:43,53
DA:47,6
DA:48,47
DA:49,27
DA:52,47
DA:53,4
DA:57,6
LF:26
LH:26
BRDA:9,0,0,2
BRDA:17,1,0,2
BRDA:29,2,0,27
BRDA:48,3,0,27
BRDA:52,4,0,4
BRF:5
BRH:5
end_of_record
TN:
SF:puzzles/getPrimeNumbers/getPrimeNumbers.ts
FN:5,getPrimeNumbers
FN:8,(anonymous_1)
FN:26,getPrimeNumbers2
FN:39,(anonymous_3)
FNF:4
FNH:4
FNDA:6,getPrimeNumbers
FNDA:1185,(anonymous_1)
FNDA:6,getPrimeNumbers2
FNDA:1197,(anonymous_3)
DA:5,1
DA:6,6
DA:8,6
DA:9,1185
DA:10,79654
DA:11,962
DA:14,223
DA:17,6
DA:18,1185
DA:19,223
DA:23,6
DA:26,1
DA:27,6
DA:29,6
DA:30,51
DA:31,24
DA:32,24
DA:33,1586
DA:34,1586
DA:39,6
DA:40,1197
DA:41,223
DA:43,1197
LF:23
LH:23
BRDA:10,0,0,962
BRDA:18,1,0,223
BRDA:30,2,0,24
BRDA:40,3,0,223
BRDA:40,4,0,1197
BRDA:40,4,1,1185
BRF:6
BRH:6
end_of_record
TN:
SF:puzzles/groupAnagrams/groupAnagrams.ts
FN:8,groupAnagrams
FN:10,(anonymous_1)
FN:23,groupAnagrams2
FNF:3
FNH:3
FNDA:2,groupAnagrams
FNDA:12,(anonymous_1)
FNDA:2,groupAnagrams2
DA:8,1
DA:9,2
DA:10,2
DA:11,12
DA:13,12
DA:14,6
DA:16,6
DA:19,12
DA:23,1
DA:24,2
DA:26,2
DA:27,12
DA:28,12
DA:29,6
DA:31,6
DA:35,2
LF:16
LH:16
BRDA:13,0,0,6
BRDA:13,0,1,6
BRDA:28,1,0,6
BRDA:28,1,1,6
BRF:4
BRH:4
end_of_record
TN:
SF:puzzles/isPalindrome/isPalindrome.ts
FN:11,isPalindrome
FN:17,(anonymous_1)
FN:18,(anonymous_2)
FN:45,isPalindrome2
FN:57,isPalindrome3
FN:63,(anonymous_5)
FN:64,(anonymous_6)
FNF:7
FNH:7
FNDA:8,isPalindrome
FNDA:73,(anonymous_1)
FNDA:27,(anonymous_2)
FNDA:8,isPalindrome2
FNDA:8,isPalindrome3
FNDA:73,(anonymous_5)
FNDA:27,(anonymous_6)
DA:11,1
DA:12,8
DA:17,73
DA:18,27
DA:20,8
DA:21,40
DA:22,40
DA:24,40
DA:25,7
DA:26,7
DA:29,33
DA:30,6
DA:31,6
DA:34,27
DA:35,4
DA:38,23
DA:39,23
DA:42,4
DA:45,1
DA:46,8
DA:48,8
DA:49,31
DA:50,4
DA:54,4
DA:57,1
DA:58,8
DA:63,73
DA:64,27
DA:66,8
DA:67,40
DA:68,40
DA:70,40
DA:71,7
DA:72,33
DA:73,6
DA:75,27
DA:76,4
DA:79,23
DA:80,23
DA:84,4
LF:40
LH:40
BRDA:24,0,0,7
BRDA:29,1,0,6
BRDA:34,2,0,4
BRDA:49,3,0,4
BRDA:70,4,0,7
BRDA:70,4,1,33
BRDA:72,5,0,6
BRDA:72,5,1,27
BRDA:75,6,0,4
BRF:9
BRH:9
end_of_record
TN:
SF:puzzles/listPowTwo/listPowTwo.ts
FN:11,listPowTwo1
FN:12,(anonymous_1)
FN:12,(anonymous_2)
FN:15,listPowTwo2
FN:37,listPowTwo3
FNF:5
FNH:5
FNDA:4,listPowTwo1
FNDA:21,(anonymous_1)
FNDA:30,(anonymous_2)
FNDA:4,listPowTwo2
FNDA:4,listPowTwo3
DA:11,1
DA:12,30
DA:15,1
DA:16,4
DA:17,4
DA:19,4
DA:21,4
DA:22,21
DA:23,21
DA:25,21
DA:26,11
DA:27,11
DA:29,10
DA:30,10
DA:34,4
DA:37,1
DA:38,4
DA:39,4
DA:41,4
DA:43,4
DA:45,4
DA:46,21
DA:47,21
DA:49,21
DA:50,11
DA:51,11
DA:53,10
DA:54,10
DA:56,21
DA:59,4
LF:30
LH:30
BRDA:25,0,0,11
BRDA:25,0,1,10
BRDA:49,1,0,11
BRDA:49,1,1,10
BRF:4
BRH:4
end_of_record
TN:
SF:puzzles/longestSubString/longestSubString.ts
FN:7,longestSubString
FN:23,longestSubString2
FNF:2
FNH:2
FNDA:4,longestSubString
FNDA:4,longestSubString2
DA:7,1
DA:8,4
DA:9,4
DA:11,4
DA:12,34
DA:13,22
DA:15,12
DA:17,34
DA:20,4
DA:23,1
DA:24,4
DA:25,4
DA:27,4
DA:28,34
DA:29,34
DA:31,34
DA:32,12
DA:35,34
DA:38,4
LF:19
LH:19
BRDA:12,0,0,22
BRDA:12,0,1,12
BRDA:31,1,0,12
BRF:3
BRH:3
end_of_record
TN:
SF:puzzles/strCount/strCount.ts
FN:11,strCountByRegExp
FN:15,strCountFast
FNF:2
FNH:2
FNDA:5,strCountByRegExp
FNDA:5,strCountFast
DA:11,1
DA:12,5
DA:15,1
DA:16,5
LF:4
LH:4
BRDA:12,0,0,4
BRDA:12,0,1,1
BRDA:12,1,0,5
BRDA:12,1,1,4
BRF:4
BRH:4
end_of_record
TN:
SF:puzzles/sumOfNumEqualK/sumOfNumEqualK.ts
FN:12,sumOfNumEqualK1
FN:24,sumOfNumEqualK2
FN:37,sumOfNumEqualK3
FN:58,sumOfNumEqualK4
FNF:4
FNH:4
FNDA:4,sumOfNumEqualK1
FNDA:4,sumOfNumEqualK2
FNDA:4,sumOfNumEqualK3
FNDA:4,sumOfNumEqualK4
DA:12,1
DA:13,4
DA:14,9
DA:15,19
DA:16,3
DA:20,1
DA:24,1
DA:25,4
DA:26,4
DA:27,15
DA:28,15
DA:29,3
DA:31,12
DA:33,1
DA:37,1
DA:38,4
DA:39,9
DA:40,9
DA:41,9
DA:42,9
DA:43,15
DA:44,15
DA:45,3
DA:47,12
DA:48,1
DA:50,11
DA:54,1
DA:58,1
DA:59,4
DA:60,4
DA:61,4
DA:62,9
DA:63,9
DA:64,3
DA:66,6
DA:67,4
DA:69,2
DA:72,1
LF:38
LH:38
BRDA:15,0,0,3
BRDA:28,1,0,3
BRDA:44,2,0,3
BRDA:47,3,0,1
BRDA:47,3,1,11
BRDA:63,4,0,3
BRDA:66,5,0,4
BRDA:66,5,1,2
BRF:8
BRH:8
end_of_record
TN:
SF:puzzles/sumOfTwo/sumOfTwo.ts
FN:4,sumOfTwo
FNF:1
FNH:1
FNDA:3,sumOfTwo
DA:4,1
DA:5,3
DA:7,3
DA:8,7
DA:10,7
DA:11,3
DA:14,4
DA:17,0
LF:8
LH:7
BRDA:10,0,0,3
BRF:1
BRH:1
end_of_record
TN:
SF:puzzles/valueOfSum/valueOfSum.ts
FN:12,sum
FN:13,(anonymous_1)
FN:13,(anonymous_2)
FN:17,func
FN:22,(anonymous_4)
FNF:5
FNH:5
FNDA:4,sum
FNDA:24,(anonymous_1)
FNDA:30,(anonymous_2)
FNDA:20,func
FNDA:4,(anonymous_4)
DA:12,1
DA:13,30
DA:15,4
DA:18,20
DA:19,20
DA:22,4
DA:23,4
DA:26,4
LF:8
LH:8
BRF:0
BRH:0
end_of_record
